Using pre-set license
Built from '2020.2/release' branch; Version is '2020.2.2f1 (068178b99f32) revision 426360'; Using compiler version '192528614'; Build Type 'Release'
OS: 'Windows 10 Pro; OS build 18363.1379; Version 1909; 64bit' Language: 'en' Physical Memory: 32699 MB
BatchMode: 1, IsHumanControllingUs: 0, StartBugReporterOnCrash: 0, Is64bit: 1, IsPro: 0

 COMMAND LINE ARGUMENTS:
C:\Program Files\Unity\Hub\Editor\2020.2.2f1\Editor\Unity.exe
-adb2
-batchMode
-noUpm
-name
AssetImportWorker1
-projectPath
D:/Unity/slimefactory
-logFile
Logs/AssetImportWorker1.log
-srvPort
58427
Successfully changed project path to: D:/Unity/slimefactory
D:/Unity/slimefactory
Using Asset Import Pipeline V2.
Refreshing native plugins compatible for Editor in 51.95 ms, found 0 plugins.
Preloading 0 native plugins for Editor in 0.00 ms.
Initialize engine version: 2020.2.2f1 (068178b99f32)
[Subsystems] Discovering subsystems at path C:/Program Files/Unity/Hub/Editor/2020.2.2f1/Editor/Data/Resources/UnitySubsystems
[Subsystems] Discovering subsystems at path D:/Unity/slimefactory/Assets
GfxDevice: creating device client; threaded=0
Direct3D:
    Version:  Direct3D 11.0 [level 11.1]
    Renderer: NVIDIA GeForce RTX 2080 SUPER (ID=0x1e81)
    Vendor:   
    VRAM:     8010 MB
    Driver:   27.21.14.6140
Initialize mono
Mono path[0] = 'C:/Program Files/Unity/Hub/Editor/2020.2.2f1/Editor/Data/Managed'
Mono path[1] = 'C:/Program Files/Unity/Hub/Editor/2020.2.2f1/Editor/Data/MonoBleedingEdge/lib/mono/unityjit'
Mono config path = 'C:/Program Files/Unity/Hub/Editor/2020.2.2f1/Editor/Data/MonoBleedingEdge/etc'
Using monoOptions --debugger-agent=transport=dt_socket,embedding=1,server=y,suspend=n,address=127.0.0.1:56076
Begin MonoManager ReloadAssembly
Registering precompiled unity dll's ...
Register platform support module: C:/Program Files/Unity/Hub/Editor/2020.2.2f1/Editor/Data/PlaybackEngines/WindowsStandaloneSupport/UnityEditor.WindowsStandalone.Extensions.dll
Registered in 0.001232 seconds.
Native extension for WindowsStandalone target not found
Refreshing native plugins compatible for Editor in 45.01 ms, found 0 plugins.
Preloading 0 native plugins for Editor in 0.00 ms.
Invoked RoslynAnalysisRunner static constructor.
RoslynAnalysisRunner will not be running.
RoslynAnalysisRunner has terminated.
Mono: successfully reloaded assembly
- Completed reload, in  1.358 seconds
Platform modules already initialized, skipping
Registering precompiled user dll's ...
Registered in 0.001155 seconds.
Begin MonoManager ReloadAssembly
Native extension for WindowsStandalone target not found
Refreshing native plugins compatible for Editor in 46.50 ms, found 0 plugins.
Preloading 0 native plugins for Editor in 0.00 ms.
Invoked RoslynAnalysisRunner static constructor.
RoslynAnalysisRunner will not be running.
RoslynAnalysisRunner has terminated.
Mono: successfully reloaded assembly
- Completed reload, in  0.952 seconds
Platform modules already initialized, skipping
========================================================================
Worker process is ready to serve import requests
Shader 'Universal Render Pipeline/Particles/Lit': fallback shader 'Universal Render Pipeline/Particles/SimpleLit' not found
Shader 'Universal Render Pipeline/Particles/Lit': fallback shader 'Universal Render Pipeline/Particles/SimpleLit' not found
Launched and connected shader compiler UnityShaderCompiler.exe after 0.03 seconds
Refreshing native plugins compatible for Editor in 0.40 ms, found 0 plugins.
Preloading 0 native plugins for Editor in 0.00 ms.
Unloading 3057 Unused Serialized files (Serialized files now loaded: 0)
System memory in use before: 145.4 MB.
System memory in use after: 143.3 MB.

Unloading 171 unused Assets to reduce memory usage. Loaded Objects now: 3463.
Total: 3.295900 ms (FindLiveObjects: 0.256700 ms CreateObjectMapping: 0.150400 ms MarkObjects: 1.828400 ms  DeleteObjects: 1.059900 ms)

========================================================================
Received Import Request.
  path: Assets/Prefabs/Patterns/Pattern_0 0.prefab
  artifactKey: Guid(f35415554ee40144d86e7d5a7b0c3239) Importer(815301076,1909f56bfc062723c751e8b465ee728b)
Start importing Assets/Prefabs/Patterns/Pattern_0 0.prefab using Guid(f35415554ee40144d86e7d5a7b0c3239) Importer(815301076,1909f56bfc062723c751e8b465ee728b)  -> (artifact id: '65ec90575c8cf648aaa6d2bfc13d2589') in 0.152119 seconds
  Import took 0.169996 seconds .

========================================================================
Received Import Request.
  Time since last request: 43.249852 seconds.
  path: Assets/Prefabs/Patterns/Pattern_0 1.prefab
  artifactKey: Guid(592c8032ce7103c4fbbb2d9b6c8ece8b) Importer(815301076,1909f56bfc062723c751e8b465ee728b)
Start importing Assets/Prefabs/Patterns/Pattern_0 1.prefab using Guid(592c8032ce7103c4fbbb2d9b6c8ece8b) Importer(815301076,1909f56bfc062723c751e8b465ee728b)  -> (artifact id: '8a01e060afe69fbe3d0b04d917eb2948') in 0.044811 seconds
  Import took 0.049598 seconds .

========================================================================
Received Import Request.
  Time since last request: 4.779572 seconds.
  path: Assets/Prefabs/Patterns/Pattern_0 0.prefab
  artifactKey: Guid(f35415554ee40144d86e7d5a7b0c3239) Importer(815301076,1909f56bfc062723c751e8b465ee728b)
Start importing Assets/Prefabs/Patterns/Pattern_0 0.prefab using Guid(f35415554ee40144d86e7d5a7b0c3239) Importer(815301076,1909f56bfc062723c751e8b465ee728b)  -> (artifact id: 'e66760c376334d426e47997fe39e0409') in 0.008307 seconds
  Import took 0.012127 seconds .

========================================================================
Received Import Request.
  Time since last request: 138.075567 seconds.
  path: Assets/Prefabs/Patterns/Pattern_0 1.prefab
  artifactKey: Guid(592c8032ce7103c4fbbb2d9b6c8ece8b) Importer(815301076,1909f56bfc062723c751e8b465ee728b)
Start importing Assets/Prefabs/Patterns/Pattern_0 1.prefab using Guid(592c8032ce7103c4fbbb2d9b6c8ece8b) Importer(815301076,1909f56bfc062723c751e8b465ee728b)  -> (artifact id: '97defc7bcdc04e371d53795e66108951') in 0.020081 seconds
  Import took 0.024759 seconds .

========================================================================
Received Import Request.
  Time since last request: 6.680604 seconds.
  path: Assets/Prefabs/Patterns/Pattern_0 2.prefab
  artifactKey: Guid(dc584eb6f11198c4da3cdce84ec23cf4) Importer(815301076,1909f56bfc062723c751e8b465ee728b)
Start importing Assets/Prefabs/Patterns/Pattern_0 2.prefab using Guid(dc584eb6f11198c4da3cdce84ec23cf4) Importer(815301076,1909f56bfc062723c751e8b465ee728b)  -> (artifact id: 'a3cf029f1dc16dd304ab31bde98627a4') in 0.015890 seconds
  Import took 0.019886 seconds .

========================================================================
Received Import Request.
  Time since last request: 232.968244 seconds.
  path: Assets/Prefabs/Patterns/Pattern_0 0.prefab
  artifactKey: Guid(f35415554ee40144d86e7d5a7b0c3239) Importer(815301076,1909f56bfc062723c751e8b465ee728b)
Start importing Assets/Prefabs/Patterns/Pattern_0 0.prefab using Guid(f35415554ee40144d86e7d5a7b0c3239) Importer(815301076,1909f56bfc062723c751e8b465ee728b)  -> (artifact id: '17a679fa663cc8429631360f56822c76') in 0.014727 seconds
  Import took 0.019466 seconds .

========================================================================
Received Import Request.
  Time since last request: 0.005037 seconds.
  path: Assets/Prefabs/Patterns/Pattern_0 0.prefab
  artifactKey: Guid(f35415554ee40144d86e7d5a7b0c3239) Importer(815301076,1909f56bfc062723c751e8b465ee728b)
Start importing Assets/Prefabs/Patterns/Pattern_0 0.prefab using Guid(f35415554ee40144d86e7d5a7b0c3239) Importer(815301076,1909f56bfc062723c751e8b465ee728b)  -> (artifact id: '17a679fa663cc8429631360f56822c76') in 0.010412 seconds
  Import took 0.014570 seconds .

========================================================================
Received Import Request.
  Time since last request: 2.861274 seconds.
  path: Assets/Prefabs/Patterns/Pattern_0 2.prefab
  artifactKey: Guid(dc584eb6f11198c4da3cdce84ec23cf4) Importer(815301076,1909f56bfc062723c751e8b465ee728b)
Start importing Assets/Prefabs/Patterns/Pattern_0 2.prefab using Guid(dc584eb6f11198c4da3cdce84ec23cf4) Importer(815301076,1909f56bfc062723c751e8b465ee728b)  -> (artifact id: '5294988fc09f0307888771beda36bab4') in 0.014991 seconds
  Import took 0.019279 seconds .

========================================================================
Received Import Request.
  Time since last request: 0.005258 seconds.
  path: Assets/Prefabs/Patterns/Pattern_0 2.prefab
  artifactKey: Guid(dc584eb6f11198c4da3cdce84ec23cf4) Importer(815301076,1909f56bfc062723c751e8b465ee728b)
Start importing Assets/Prefabs/Patterns/Pattern_0 2.prefab using Guid(dc584eb6f11198c4da3cdce84ec23cf4) Importer(815301076,1909f56bfc062723c751e8b465ee728b)  -> (artifact id: '5294988fc09f0307888771beda36bab4') in 0.012049 seconds
  Import took 0.016139 seconds .

========================================================================
Received Import Request.
  Time since last request: 3.140031 seconds.
  path: Assets/Prefabs/Patterns/Pattern_0 3.prefab
  artifactKey: Guid(7438e771c9beaa949beb350c5328503d) Importer(815301076,1909f56bfc062723c751e8b465ee728b)
Start importing Assets/Prefabs/Patterns/Pattern_0 3.prefab using Guid(7438e771c9beaa949beb350c5328503d) Importer(815301076,1909f56bfc062723c751e8b465ee728b)  -> (artifact id: '79dec86e7f3e449e91b6a4928428caa6') in 0.015348 seconds
  Import took 0.019442 seconds .

========================================================================
Received Import Request.
  Time since last request: 7.310754 seconds.
  path: Assets/Prefabs/Patterns/Pattern_0 3.prefab
  artifactKey: Guid(0a5002f3cb33f9f41a80b9c4eb1888ec) Importer(815301076,1909f56bfc062723c751e8b465ee728b)
Start importing Assets/Prefabs/Patterns/Pattern_0 3.prefab using Guid(0a5002f3cb33f9f41a80b9c4eb1888ec) Importer(815301076,1909f56bfc062723c751e8b465ee728b)  -> (artifact id: 'e1fab2a9b303556c77fc1cded8fb0742') in 0.010819 seconds
  Import took 0.015474 seconds .

========================================================================
Received Import Request.
  Time since last request: 99.122408 seconds.
  path: Assets/Tools/LevelGenerator/Configs/LevelsConfig.asset
  artifactKey: Guid(72d6a8eeb8067884da4a65faabd88121) Importer(815301076,1909f56bfc062723c751e8b465ee728b)
Start importing Assets/Tools/LevelGenerator/Configs/LevelsConfig.asset using Guid(72d6a8eeb8067884da4a65faabd88121) Importer(815301076,1909f56bfc062723c751e8b465ee728b)  -> (artifact id: '2c11482d2018c7519a0f8a4c45566d05') in 0.006323 seconds
  Import took 0.010502 seconds .

========================================================================
Received Prepare
Registering precompiled user dll's ...
Registered in 0.001147 seconds.
Begin MonoManager ReloadAssembly
Native extension for WindowsStandalone target not found
Refreshing native plugins compatible for Editor in 0.42 ms, found 0 plugins.
Preloading 0 native plugins for Editor in 0.00 ms.
Warning: Annotation not found!
UnityEngine.StackTraceUtility:ExtractStackTrace ()
UnityEditor.ProBuilder.EditorUtility:SetGizmoIconEnabled (System.Type,bool) (at Library/PackageCache/com.unity.probuilder@4.4.0/Editor/EditorCore/EditorUtility.cs:593)
UnityEditor.ProBuilder.HierarchyListener:.cctor () (at Library/PackageCache/com.unity.probuilder@4.4.0/Editor/EditorCore/HierarchyListener.cs:21)
System.Runtime.CompilerServices.RuntimeHelpers:RunClassConstructor (System.RuntimeTypeHandle)
UnityEditor.EditorAssemblies:ProcessInitializeOnLoadAttributes (System.Type[])

[Library/PackageCache/com.unity.probuilder@4.4.0/Editor/EditorCore/EditorUtility.cs line 593]

Invoked RoslynAnalysisRunner static constructor.
RoslynAnalysisRunner will not be running.
RoslynAnalysisRunner has terminated.
Mono: successfully reloaded assembly
- Completed reload, in  0.731 seconds
Platform modules already initialized, skipping
Switching build target platform(5) subTarget(0) extendedPlatform(0) -> platform(13) subTarget(537395200) extendedPlatform(0)
Shader 'Universal Render Pipeline/Particles/Lit': fallback shader 'Universal Render Pipeline/Particles/SimpleLit' not found
Shader 'Universal Render Pipeline/Particles/Lit': fallback shader 'Universal Render Pipeline/Particles/SimpleLit' not found
Refreshing native plugins compatible for Editor in 0.40 ms, found 0 plugins.
Preloading 0 native plugins for Editor in 0.00 ms.
Unloading 2929 Unused Serialized files (Serialized files now loaded: 0)
System memory in use before: 152.4 MB.
System memory in use after: 150.4 MB.

Unloading 44 unused Assets to reduce memory usage. Loaded Objects now: 3513.
Total: 11.120000 ms (FindLiveObjects: 0.825200 ms CreateObjectMapping: 0.508400 ms MarkObjects: 6.509300 ms  DeleteObjects: 3.274200 ms)

AssetImportParameters requested are different than current active one (requested -> active):
  custom:graphics/normal-map-encoding: 01000000000000000000000000000000 -> 02000000000000000000000000000000
========================================================================
Received Import Request.
  Time since last request: 57.586016 seconds.
  path: Assets/Prefabs/Patterns/Pattern_0 3.prefab
  artifactKey: Guid(0a5002f3cb33f9f41a80b9c4eb1888ec) Importer(815301076,1909f56bfc062723c751e8b465ee728b)
Start importing Assets/Prefabs/Patterns/Pattern_0 3.prefab using Guid(0a5002f3cb33f9f41a80b9c4eb1888ec) Importer(815301076,1909f56bfc062723c751e8b465ee728b)  -> (artifact id: 'cb49e5929fe6523af49491dc576a52f2') in 0.123929 seconds
  Import took 0.128046 seconds .

========================================================================
Received Import Request.
  Time since last request: 82.194495 seconds.
  path: Assets/Patterns/Pattern_0 2.txt
  artifactKey: Guid(05d220eac6ed071438394807b8fbe16c) Importer(815301076,1909f56bfc062723c751e8b465ee728b)
Start importing Assets/Patterns/Pattern_0 2.txt using Guid(05d220eac6ed071438394807b8fbe16c) Importer(815301076,1909f56bfc062723c751e8b465ee728b)  -> (artifact id: '592a998ea0e182c87a77b45732c7e723') in 0.005197 seconds
  Import took 0.008953 seconds .

========================================================================
Received Import Request.
  Time since last request: 0.016851 seconds.
  path: Assets/Patterns/Pattern_0 2.txt
  artifactKey: Guid(05d220eac6ed071438394807b8fbe16c) Importer(815301076,1909f56bfc062723c751e8b465ee728b)
Start importing Assets/Patterns/Pattern_0 2.txt using Guid(05d220eac6ed071438394807b8fbe16c) Importer(815301076,1909f56bfc062723c751e8b465ee728b)  -> (artifact id: '592a998ea0e182c87a77b45732c7e723') in 0.001470 seconds
  Import took 0.005221 seconds .

========================================================================
Received Prepare
Registering precompiled user dll's ...
Registered in 0.001083 seconds.
Begin MonoManager ReloadAssembly
Native extension for WindowsStandalone target not found
Refreshing native plugins compatible for Editor in 0.41 ms, found 0 plugins.
Preloading 0 native plugins for Editor in 0.00 ms.
Warning: Annotation not found!
UnityEngine.StackTraceUtility:ExtractStackTrace ()
UnityEditor.ProBuilder.EditorUtility:SetGizmoIconEnabled (System.Type,bool) (at Library/PackageCache/com.unity.probuilder@4.4.0/Editor/EditorCore/EditorUtility.cs:593)
UnityEditor.ProBuilder.HierarchyListener:.cctor () (at Library/PackageCache/com.unity.probuilder@4.4.0/Editor/EditorCore/HierarchyListener.cs:21)
System.Runtime.CompilerServices.RuntimeHelpers:RunClassConstructor (System.RuntimeTypeHandle)
UnityEditor.EditorAssemblies:ProcessInitializeOnLoadAttributes (System.Type[])

[Library/PackageCache/com.unity.probuilder@4.4.0/Editor/EditorCore/EditorUtility.cs line 593]

Invoked RoslynAnalysisRunner static constructor.
RoslynAnalysisRunner will not be running.
RoslynAnalysisRunner has terminated.
Mono: successfully reloaded assembly
- Completed reload, in  0.733 seconds
Platform modules already initialized, skipping
Switching build target platform(5) subTarget(0) extendedPlatform(0) -> platform(13) subTarget(537395200) extendedPlatform(0)
Shader 'Universal Render Pipeline/Particles/Lit': fallback shader 'Universal Render Pipeline/Particles/SimpleLit' not found
Shader 'Universal Render Pipeline/Particles/Lit': fallback shader 'Universal Render Pipeline/Particles/SimpleLit' not found
Refreshing native plugins compatible for Editor in 0.43 ms, found 0 plugins.
Preloading 0 native plugins for Editor in 0.00 ms.
Unloading 2929 Unused Serialized files (Serialized files now loaded: 0)
System memory in use before: 152.0 MB.
System memory in use after: 149.9 MB.

Unloading 44 unused Assets to reduce memory usage. Loaded Objects now: 3551.
Total: 3.176600 ms (FindLiveObjects: 0.257800 ms CreateObjectMapping: 0.111200 ms MarkObjects: 1.765800 ms  DeleteObjects: 1.041100 ms)

AssetImportParameters requested are different than current active one (requested -> active):
  custom:graphics/normal-map-encoding: 01000000000000000000000000000000 -> 02000000000000000000000000000000
========================================================================
Received Prepare
Registering precompiled user dll's ...
Registered in 0.001091 seconds.
Begin MonoManager ReloadAssembly
Native extension for WindowsStandalone target not found
Refreshing native plugins compatible for Editor in 0.42 ms, found 0 plugins.
Preloading 0 native plugins for Editor in 0.00 ms.
Warning: Annotation not found!
UnityEngine.StackTraceUtility:ExtractStackTrace ()
UnityEditor.ProBuilder.EditorUtility:SetGizmoIconEnabled (System.Type,bool) (at Library/PackageCache/com.unity.probuilder@4.4.0/Editor/EditorCore/EditorUtility.cs:593)
UnityEditor.ProBuilder.HierarchyListener:.cctor () (at Library/PackageCache/com.unity.probuilder@4.4.0/Editor/EditorCore/HierarchyListener.cs:21)
System.Runtime.CompilerServices.RuntimeHelpers:RunClassConstructor (System.RuntimeTypeHandle)
UnityEditor.EditorAssemblies:ProcessInitializeOnLoadAttributes (System.Type[])

[Library/PackageCache/com.unity.probuilder@4.4.0/Editor/EditorCore/EditorUtility.cs line 593]

Invoked RoslynAnalysisRunner static constructor.
RoslynAnalysisRunner will not be running.
RoslynAnalysisRunner has terminated.
Mono: successfully reloaded assembly
- Completed reload, in  0.719 seconds
Platform modules already initialized, skipping
Switching build target platform(5) subTarget(0) extendedPlatform(0) -> platform(13) subTarget(537395200) extendedPlatform(0)
Shader 'Universal Render Pipeline/Particles/Lit': fallback shader 'Universal Render Pipeline/Particles/SimpleLit' not found
Shader 'Universal Render Pipeline/Particles/Lit': fallback shader 'Universal Render Pipeline/Particles/SimpleLit' not found
Refreshing native plugins compatible for Editor in 0.42 ms, found 0 plugins.
Preloading 0 native plugins for Editor in 0.00 ms.
Unloading 2929 Unused Serialized files (Serialized files now loaded: 0)
System memory in use before: 152.3 MB.
System memory in use after: 150.2 MB.

Unloading 44 unused Assets to reduce memory usage. Loaded Objects now: 3553.
Total: 9.197700 ms (FindLiveObjects: 0.650300 ms CreateObjectMapping: 0.447000 ms MarkObjects: 5.138400 ms  DeleteObjects: 2.960000 ms)

AssetImportParameters requested are different than current active one (requested -> active):
  custom:graphics/normal-map-encoding: 01000000000000000000000000000000 -> 02000000000000000000000000000000
========================================================================
Received Import Request.
  Time since last request: 90.732091 seconds.
  path: Assets/Prefabs/Patterns/Pattern_0 2.prefab
  artifactKey: Guid(dc584eb6f11198c4da3cdce84ec23cf4) Importer(815301076,1909f56bfc062723c751e8b465ee728b)
Start importing Assets/Prefabs/Patterns/Pattern_0 2.prefab using Guid(dc584eb6f11198c4da3cdce84ec23cf4) Importer(815301076,1909f56bfc062723c751e8b465ee728b)  -> (artifact id: '1b4ef36b75e3f6c89e2e8e83314fb2d0') in 0.121153 seconds
  Import took 0.126207 seconds .

========================================================================
Received Prepare
Registering precompiled user dll's ...
Registered in 0.001107 seconds.
Begin MonoManager ReloadAssembly
Native extension for WindowsStandalone target not found
Refreshing native plugins compatible for Editor in 0.41 ms, found 0 plugins.
Preloading 0 native plugins for Editor in 0.00 ms.
Warning: Annotation not found!
UnityEngine.StackTraceUtility:ExtractStackTrace ()
UnityEditor.ProBuilder.EditorUtility:SetGizmoIconEnabled (System.Type,bool) (at Library/PackageCache/com.unity.probuilder@4.4.0/Editor/EditorCore/EditorUtility.cs:593)
UnityEditor.ProBuilder.HierarchyListener:.cctor () (at Library/PackageCache/com.unity.probuilder@4.4.0/Editor/EditorCore/HierarchyListener.cs:21)
System.Runtime.CompilerServices.RuntimeHelpers:RunClassConstructor (System.RuntimeTypeHandle)
UnityEditor.EditorAssemblies:ProcessInitializeOnLoadAttributes (System.Type[])

[Library/PackageCache/com.unity.probuilder@4.4.0/Editor/EditorCore/EditorUtility.cs line 593]

Invoked RoslynAnalysisRunner static constructor.
RoslynAnalysisRunner will not be running.
RoslynAnalysisRunner has terminated.
Mono: successfully reloaded assembly
- Completed reload, in  0.726 seconds
Platform modules already initialized, skipping
Switching build target platform(5) subTarget(0) extendedPlatform(0) -> platform(13) subTarget(537395200) extendedPlatform(0)
Shader 'Universal Render Pipeline/Particles/Lit': fallback shader 'Universal Render Pipeline/Particles/SimpleLit' not found
Shader 'Universal Render Pipeline/Particles/Lit': fallback shader 'Universal Render Pipeline/Particles/SimpleLit' not found
Refreshing native plugins compatible for Editor in 0.40 ms, found 0 plugins.
Preloading 0 native plugins for Editor in 0.00 ms.
Unloading 2929 Unused Serialized files (Serialized files now loaded: 0)
System memory in use before: 152.7 MB.
System memory in use after: 150.6 MB.

Unloading 44 unused Assets to reduce memory usage. Loaded Objects now: 3591.
Total: 3.391400 ms (FindLiveObjects: 0.273100 ms CreateObjectMapping: 0.123000 ms MarkObjects: 1.884200 ms  DeleteObjects: 1.110500 ms)

AssetImportParameters requested are different than current active one (requested -> active):
  custom:graphics/normal-map-encoding: 01000000000000000000000000000000 -> 02000000000000000000000000000000
========================================================================
Received Prepare
Registering precompiled user dll's ...
Registered in 0.001091 seconds.
Begin MonoManager ReloadAssembly
Native extension for WindowsStandalone target not found
Refreshing native plugins compatible for Editor in 0.41 ms, found 0 plugins.
Preloading 0 native plugins for Editor in 0.00 ms.
Warning: Annotation not found!
UnityEngine.StackTraceUtility:ExtractStackTrace ()
UnityEditor.ProBuilder.EditorUtility:SetGizmoIconEnabled (System.Type,bool) (at Library/PackageCache/com.unity.probuilder@4.4.0/Editor/EditorCore/EditorUtility.cs:593)
UnityEditor.ProBuilder.HierarchyListener:.cctor () (at Library/PackageCache/com.unity.probuilder@4.4.0/Editor/EditorCore/HierarchyListener.cs:21)
System.Runtime.CompilerServices.RuntimeHelpers:RunClassConstructor (System.RuntimeTypeHandle)
UnityEditor.EditorAssemblies:ProcessInitializeOnLoadAttributes (System.Type[])

[Library/PackageCache/com.unity.probuilder@4.4.0/Editor/EditorCore/EditorUtility.cs line 593]

Invoked RoslynAnalysisRunner static constructor.
RoslynAnalysisRunner will not be running.
RoslynAnalysisRunner has terminated.
Mono: successfully reloaded assembly
- Completed reload, in  0.729 seconds
Platform modules already initialized, skipping
Switching build target platform(5) subTarget(0) extendedPlatform(0) -> platform(13) subTarget(537395200) extendedPlatform(0)
Shader 'Universal Render Pipeline/Particles/Lit': fallback shader 'Universal Render Pipeline/Particles/SimpleLit' not found
Shader 'Universal Render Pipeline/Particles/Lit': fallback shader 'Universal Render Pipeline/Particles/SimpleLit' not found
Refreshing native plugins compatible for Editor in 0.40 ms, found 0 plugins.
Preloading 0 native plugins for Editor in 0.00 ms.
Unloading 2929 Unused Serialized files (Serialized files now loaded: 0)
System memory in use before: 152.8 MB.
System memory in use after: 150.7 MB.

Unloading 44 unused Assets to reduce memory usage. Loaded Objects now: 3593.
Total: 3.566000 ms (FindLiveObjects: 0.254000 ms CreateObjectMapping: 0.110000 ms MarkObjects: 2.030000 ms  DeleteObjects: 1.171000 ms)

AssetImportParameters requested are different than current active one (requested -> active):
  custom:graphics/normal-map-encoding: 01000000000000000000000000000000 -> 02000000000000000000000000000000
