Using pre-set license
Built from '2020.2/release' branch; Version is '2020.2.2f1 (068178b99f32) revision 426360'; Using compiler version '192528614'; Build Type 'Release'
OS: 'Windows 10 Pro; OS build 18363.1379; Version 1909; 64bit' Language: 'en' Physical Memory: 32699 MB
BatchMode: 1, IsHumanControllingUs: 0, StartBugReporterOnCrash: 0, Is64bit: 1, IsPro: 0

 COMMAND LINE ARGUMENTS:
C:\Program Files\Unity\Hub\Editor\2020.2.2f1\Editor\Unity.exe
-adb2
-batchMode
-noUpm
-name
AssetImportWorker1
-projectPath
D:/Unity/slimefactory
-logFile
Logs/AssetImportWorker1.log
-srvPort
58427
Successfully changed project path to: D:/Unity/slimefactory
D:/Unity/slimefactory
Using Asset Import Pipeline V2.
Refreshing native plugins compatible for Editor in 51.95 ms, found 0 plugins.
Preloading 0 native plugins for Editor in 0.00 ms.
Initialize engine version: 2020.2.2f1 (068178b99f32)
[Subsystems] Discovering subsystems at path C:/Program Files/Unity/Hub/Editor/2020.2.2f1/Editor/Data/Resources/UnitySubsystems
[Subsystems] Discovering subsystems at path D:/Unity/slimefactory/Assets
GfxDevice: creating device client; threaded=0
Direct3D:
    Version:  Direct3D 11.0 [level 11.1]
    Renderer: NVIDIA GeForce RTX 2080 SUPER (ID=0x1e81)
    Vendor:   
    VRAM:     8010 MB
    Driver:   27.21.14.6140
Initialize mono
Mono path[0] = 'C:/Program Files/Unity/Hub/Editor/2020.2.2f1/Editor/Data/Managed'
Mono path[1] = 'C:/Program Files/Unity/Hub/Editor/2020.2.2f1/Editor/Data/MonoBleedingEdge/lib/mono/unityjit'
Mono config path = 'C:/Program Files/Unity/Hub/Editor/2020.2.2f1/Editor/Data/MonoBleedingEdge/etc'
Using monoOptions --debugger-agent=transport=dt_socket,embedding=1,server=y,suspend=n,address=127.0.0.1:56076
Begin MonoManager ReloadAssembly
Registering precompiled unity dll's ...
Register platform support module: C:/Program Files/Unity/Hub/Editor/2020.2.2f1/Editor/Data/PlaybackEngines/WindowsStandaloneSupport/UnityEditor.WindowsStandalone.Extensions.dll
Registered in 0.001232 seconds.
Native extension for WindowsStandalone target not found
Refreshing native plugins compatible for Editor in 45.01 ms, found 0 plugins.
Preloading 0 native plugins for Editor in 0.00 ms.
Invoked RoslynAnalysisRunner static constructor.
RoslynAnalysisRunner will not be running.
RoslynAnalysisRunner has terminated.
Mono: successfully reloaded assembly
- Completed reload, in  1.358 seconds
Platform modules already initialized, skipping
Registering precompiled user dll's ...
Registered in 0.001155 seconds.
Begin MonoManager ReloadAssembly
Native extension for WindowsStandalone target not found
Refreshing native plugins compatible for Editor in 46.50 ms, found 0 plugins.
Preloading 0 native plugins for Editor in 0.00 ms.
Invoked RoslynAnalysisRunner static constructor.
RoslynAnalysisRunner will not be running.
RoslynAnalysisRunner has terminated.
Mono: successfully reloaded assembly
- Completed reload, in  0.952 seconds
Platform modules already initialized, skipping
========================================================================
Worker process is ready to serve import requests
Shader 'Universal Render Pipeline/Particles/Lit': fallback shader 'Universal Render Pipeline/Particles/SimpleLit' not found
Shader 'Universal Render Pipeline/Particles/Lit': fallback shader 'Universal Render Pipeline/Particles/SimpleLit' not found
Launched and connected shader compiler UnityShaderCompiler.exe after 0.03 seconds
Refreshing native plugins compatible for Editor in 0.40 ms, found 0 plugins.
Preloading 0 native plugins for Editor in 0.00 ms.
Unloading 3057 Unused Serialized files (Serialized files now loaded: 0)
System memory in use before: 145.4 MB.
System memory in use after: 143.3 MB.

Unloading 171 unused Assets to reduce memory usage. Loaded Objects now: 3463.
Total: 3.295900 ms (FindLiveObjects: 0.256700 ms CreateObjectMapping: 0.150400 ms MarkObjects: 1.828400 ms  DeleteObjects: 1.059900 ms)

========================================================================
Received Import Request.
  path: Assets/Prefabs/Patterns/Pattern_0 0.prefab
  artifactKey: Guid(f35415554ee40144d86e7d5a7b0c3239) Importer(815301076,1909f56bfc062723c751e8b465ee728b)
Start importing Assets/Prefabs/Patterns/Pattern_0 0.prefab using Guid(f35415554ee40144d86e7d5a7b0c3239) Importer(815301076,1909f56bfc062723c751e8b465ee728b)  -> (artifact id: '65ec90575c8cf648aaa6d2bfc13d2589') in 0.152119 seconds
  Import took 0.169996 seconds .

========================================================================
Received Import Request.
  Time since last request: 43.249852 seconds.
  path: Assets/Prefabs/Patterns/Pattern_0 1.prefab
  artifactKey: Guid(592c8032ce7103c4fbbb2d9b6c8ece8b) Importer(815301076,1909f56bfc062723c751e8b465ee728b)
Start importing Assets/Prefabs/Patterns/Pattern_0 1.prefab using Guid(592c8032ce7103c4fbbb2d9b6c8ece8b) Importer(815301076,1909f56bfc062723c751e8b465ee728b)  -> (artifact id: '8a01e060afe69fbe3d0b04d917eb2948') in 0.044811 seconds
  Import took 0.049598 seconds .

========================================================================
Received Import Request.
  Time since last request: 4.779572 seconds.
  path: Assets/Prefabs/Patterns/Pattern_0 0.prefab
  artifactKey: Guid(f35415554ee40144d86e7d5a7b0c3239) Importer(815301076,1909f56bfc062723c751e8b465ee728b)
Start importing Assets/Prefabs/Patterns/Pattern_0 0.prefab using Guid(f35415554ee40144d86e7d5a7b0c3239) Importer(815301076,1909f56bfc062723c751e8b465ee728b)  -> (artifact id: 'e66760c376334d426e47997fe39e0409') in 0.008307 seconds
  Import took 0.012127 seconds .

========================================================================
Received Import Request.
  Time since last request: 138.075567 seconds.
  path: Assets/Prefabs/Patterns/Pattern_0 1.prefab
  artifactKey: Guid(592c8032ce7103c4fbbb2d9b6c8ece8b) Importer(815301076,1909f56bfc062723c751e8b465ee728b)
Start importing Assets/Prefabs/Patterns/Pattern_0 1.prefab using Guid(592c8032ce7103c4fbbb2d9b6c8ece8b) Importer(815301076,1909f56bfc062723c751e8b465ee728b)  -> (artifact id: '97defc7bcdc04e371d53795e66108951') in 0.020081 seconds
  Import took 0.024759 seconds .

========================================================================
Received Import Request.
  Time since last request: 6.680604 seconds.
  path: Assets/Prefabs/Patterns/Pattern_0 2.prefab
  artifactKey: Guid(dc584eb6f11198c4da3cdce84ec23cf4) Importer(815301076,1909f56bfc062723c751e8b465ee728b)
Start importing Assets/Prefabs/Patterns/Pattern_0 2.prefab using Guid(dc584eb6f11198c4da3cdce84ec23cf4) Importer(815301076,1909f56bfc062723c751e8b465ee728b)  -> (artifact id: 'a3cf029f1dc16dd304ab31bde98627a4') in 0.015890 seconds
  Import took 0.019886 seconds .

========================================================================
Received Import Request.
  Time since last request: 232.968244 seconds.
  path: Assets/Prefabs/Patterns/Pattern_0 0.prefab
  artifactKey: Guid(f35415554ee40144d86e7d5a7b0c3239) Importer(815301076,1909f56bfc062723c751e8b465ee728b)
Start importing Assets/Prefabs/Patterns/Pattern_0 0.prefab using Guid(f35415554ee40144d86e7d5a7b0c3239) Importer(815301076,1909f56bfc062723c751e8b465ee728b)  -> (artifact id: '17a679fa663cc8429631360f56822c76') in 0.014727 seconds
  Import took 0.019466 seconds .

========================================================================
Received Import Request.
  Time since last request: 0.005037 seconds.
  path: Assets/Prefabs/Patterns/Pattern_0 0.prefab
  artifactKey: Guid(f35415554ee40144d86e7d5a7b0c3239) Importer(815301076,1909f56bfc062723c751e8b465ee728b)
Start importing Assets/Prefabs/Patterns/Pattern_0 0.prefab using Guid(f35415554ee40144d86e7d5a7b0c3239) Importer(815301076,1909f56bfc062723c751e8b465ee728b)  -> (artifact id: '17a679fa663cc8429631360f56822c76') in 0.010412 seconds
  Import took 0.014570 seconds .

========================================================================
Received Import Request.
  Time since last request: 2.861274 seconds.
  path: Assets/Prefabs/Patterns/Pattern_0 2.prefab
  artifactKey: Guid(dc584eb6f11198c4da3cdce84ec23cf4) Importer(815301076,1909f56bfc062723c751e8b465ee728b)
Start importing Assets/Prefabs/Patterns/Pattern_0 2.prefab using Guid(dc584eb6f11198c4da3cdce84ec23cf4) Importer(815301076,1909f56bfc062723c751e8b465ee728b)  -> (artifact id: '5294988fc09f0307888771beda36bab4') in 0.014991 seconds
  Import took 0.019279 seconds .

========================================================================
Received Import Request.
  Time since last request: 0.005258 seconds.
  path: Assets/Prefabs/Patterns/Pattern_0 2.prefab
  artifactKey: Guid(dc584eb6f11198c4da3cdce84ec23cf4) Importer(815301076,1909f56bfc062723c751e8b465ee728b)
Start importing Assets/Prefabs/Patterns/Pattern_0 2.prefab using Guid(dc584eb6f11198c4da3cdce84ec23cf4) Importer(815301076,1909f56bfc062723c751e8b465ee728b)  -> (artifact id: '5294988fc09f0307888771beda36bab4') in 0.012049 seconds
  Import took 0.016139 seconds .

========================================================================
Received Import Request.
  Time since last request: 3.140031 seconds.
  path: Assets/Prefabs/Patterns/Pattern_0 3.prefab
  artifactKey: Guid(7438e771c9beaa949beb350c5328503d) Importer(815301076,1909f56bfc062723c751e8b465ee728b)
Start importing Assets/Prefabs/Patterns/Pattern_0 3.prefab using Guid(7438e771c9beaa949beb350c5328503d) Importer(815301076,1909f56bfc062723c751e8b465ee728b)  -> (artifact id: '79dec86e7f3e449e91b6a4928428caa6') in 0.015348 seconds
  Import took 0.019442 seconds .

========================================================================
Received Import Request.
  Time since last request: 7.310754 seconds.
  path: Assets/Prefabs/Patterns/Pattern_0 3.prefab
  artifactKey: Guid(0a5002f3cb33f9f41a80b9c4eb1888ec) Importer(815301076,1909f56bfc062723c751e8b465ee728b)
Start importing Assets/Prefabs/Patterns/Pattern_0 3.prefab using Guid(0a5002f3cb33f9f41a80b9c4eb1888ec) Importer(815301076,1909f56bfc062723c751e8b465ee728b)  -> (artifact id: 'e1fab2a9b303556c77fc1cded8fb0742') in 0.010819 seconds
  Import took 0.015474 seconds .

========================================================================
Received Import Request.
  Time since last request: 99.122408 seconds.
  path: Assets/Tools/LevelGenerator/Configs/LevelsConfig.asset
  artifactKey: Guid(72d6a8eeb8067884da4a65faabd88121) Importer(815301076,1909f56bfc062723c751e8b465ee728b)
Start importing Assets/Tools/LevelGenerator/Configs/LevelsConfig.asset using Guid(72d6a8eeb8067884da4a65faabd88121) Importer(815301076,1909f56bfc062723c751e8b465ee728b)  -> (artifact id: '2c11482d2018c7519a0f8a4c45566d05') in 0.006323 seconds
  Import took 0.010502 seconds .

========================================================================
Received Prepare
Registering precompiled user dll's ...
Registered in 0.001147 seconds.
Begin MonoManager ReloadAssembly
Native extension for WindowsStandalone target not found
Refreshing native plugins compatible for Editor in 0.42 ms, found 0 plugins.
Preloading 0 native plugins for Editor in 0.00 ms.
Warning: Annotation not found!
UnityEngine.StackTraceUtility:ExtractStackTrace ()
UnityEditor.ProBuilder.EditorUtility:SetGizmoIconEnabled (System.Type,bool) (at Library/PackageCache/com.unity.probuilder@4.4.0/Editor/EditorCore/EditorUtility.cs:593)
UnityEditor.ProBuilder.HierarchyListener:.cctor () (at Library/PackageCache/com.unity.probuilder@4.4.0/Editor/EditorCore/HierarchyListener.cs:21)
System.Runtime.CompilerServices.RuntimeHelpers:RunClassConstructor (System.RuntimeTypeHandle)
UnityEditor.EditorAssemblies:ProcessInitializeOnLoadAttributes (System.Type[])

[Library/PackageCache/com.unity.probuilder@4.4.0/Editor/EditorCore/EditorUtility.cs line 593]

Invoked RoslynAnalysisRunner static constructor.
RoslynAnalysisRunner will not be running.
RoslynAnalysisRunner has terminated.
Mono: successfully reloaded assembly
- Completed reload, in  0.731 seconds
Platform modules already initialized, skipping
Switching build target platform(5) subTarget(0) extendedPlatform(0) -> platform(13) subTarget(537395200) extendedPlatform(0)
Shader 'Universal Render Pipeline/Particles/Lit': fallback shader 'Universal Render Pipeline/Particles/SimpleLit' not found
Shader 'Universal Render Pipeline/Particles/Lit': fallback shader 'Universal Render Pipeline/Particles/SimpleLit' not found
Refreshing native plugins compatible for Editor in 0.40 ms, found 0 plugins.
Preloading 0 native plugins for Editor in 0.00 ms.
Unloading 2929 Unused Serialized files (Serialized files now loaded: 0)
System memory in use before: 152.4 MB.
System memory in use after: 150.4 MB.

Unloading 44 unused Assets to reduce memory usage. Loaded Objects now: 3513.
Total: 11.120000 ms (FindLiveObjects: 0.825200 ms CreateObjectMapping: 0.508400 ms MarkObjects: 6.509300 ms  DeleteObjects: 3.274200 ms)

AssetImportParameters requested are different than current active one (requested -> active):
  custom:graphics/normal-map-encoding: 01000000000000000000000000000000 -> 02000000000000000000000000000000
========================================================================
Received Import Request.
  Time since last request: 57.586016 seconds.
  path: Assets/Prefabs/Patterns/Pattern_0 3.prefab
  artifactKey: Guid(0a5002f3cb33f9f41a80b9c4eb1888ec) Importer(815301076,1909f56bfc062723c751e8b465ee728b)
Start importing Assets/Prefabs/Patterns/Pattern_0 3.prefab using Guid(0a5002f3cb33f9f41a80b9c4eb1888ec) Importer(815301076,1909f56bfc062723c751e8b465ee728b)  -> (artifact id: 'cb49e5929fe6523af49491dc576a52f2') in 0.123929 seconds
  Import took 0.128046 seconds .

========================================================================
Received Import Request.
  Time since last request: 82.194495 seconds.
  path: Assets/Patterns/Pattern_0 2.txt
  artifactKey: Guid(05d220eac6ed071438394807b8fbe16c) Importer(815301076,1909f56bfc062723c751e8b465ee728b)
Start importing Assets/Patterns/Pattern_0 2.txt using Guid(05d220eac6ed071438394807b8fbe16c) Importer(815301076,1909f56bfc062723c751e8b465ee728b)  -> (artifact id: '592a998ea0e182c87a77b45732c7e723') in 0.005197 seconds
  Import took 0.008953 seconds .

========================================================================
Received Import Request.
  Time since last request: 0.016851 seconds.
  path: Assets/Patterns/Pattern_0 2.txt
  artifactKey: Guid(05d220eac6ed071438394807b8fbe16c) Importer(815301076,1909f56bfc062723c751e8b465ee728b)
Start importing Assets/Patterns/Pattern_0 2.txt using Guid(05d220eac6ed071438394807b8fbe16c) Importer(815301076,1909f56bfc062723c751e8b465ee728b)  -> (artifact id: '592a998ea0e182c87a77b45732c7e723') in 0.001470 seconds
  Import took 0.005221 seconds .

========================================================================
Received Prepare
Registering precompiled user dll's ...
Registered in 0.001083 seconds.
Begin MonoManager ReloadAssembly
Native extension for WindowsStandalone target not found
Refreshing native plugins compatible for Editor in 0.41 ms, found 0 plugins.
Preloading 0 native plugins for Editor in 0.00 ms.
Warning: Annotation not found!
UnityEngine.StackTraceUtility:ExtractStackTrace ()
UnityEditor.ProBuilder.EditorUtility:SetGizmoIconEnabled (System.Type,bool) (at Library/PackageCache/com.unity.probuilder@4.4.0/Editor/EditorCore/EditorUtility.cs:593)
UnityEditor.ProBuilder.HierarchyListener:.cctor () (at Library/PackageCache/com.unity.probuilder@4.4.0/Editor/EditorCore/HierarchyListener.cs:21)
System.Runtime.CompilerServices.RuntimeHelpers:RunClassConstructor (System.RuntimeTypeHandle)
UnityEditor.EditorAssemblies:ProcessInitializeOnLoadAttributes (System.Type[])

[Library/PackageCache/com.unity.probuilder@4.4.0/Editor/EditorCore/EditorUtility.cs line 593]

Invoked RoslynAnalysisRunner static constructor.
RoslynAnalysisRunner will not be running.
RoslynAnalysisRunner has terminated.
Mono: successfully reloaded assembly
- Completed reload, in  0.733 seconds
Platform modules already initialized, skipping
Switching build target platform(5) subTarget(0) extendedPlatform(0) -> platform(13) subTarget(537395200) extendedPlatform(0)
Shader 'Universal Render Pipeline/Particles/Lit': fallback shader 'Universal Render Pipeline/Particles/SimpleLit' not found
Shader 'Universal Render Pipeline/Particles/Lit': fallback shader 'Universal Render Pipeline/Particles/SimpleLit' not found
Refreshing native plugins compatible for Editor in 0.43 ms, found 0 plugins.
Preloading 0 native plugins for Editor in 0.00 ms.
Unloading 2929 Unused Serialized files (Serialized files now loaded: 0)
System memory in use before: 152.0 MB.
System memory in use after: 149.9 MB.

Unloading 44 unused Assets to reduce memory usage. Loaded Objects now: 3551.
Total: 3.176600 ms (FindLiveObjects: 0.257800 ms CreateObjectMapping: 0.111200 ms MarkObjects: 1.765800 ms  DeleteObjects: 1.041100 ms)

AssetImportParameters requested are different than current active one (requested -> active):
  custom:graphics/normal-map-encoding: 01000000000000000000000000000000 -> 02000000000000000000000000000000
========================================================================
Received Prepare
Registering precompiled user dll's ...
Registered in 0.001091 seconds.
Begin MonoManager ReloadAssembly
Native extension for WindowsStandalone target not found
Refreshing native plugins compatible for Editor in 0.42 ms, found 0 plugins.
Preloading 0 native plugins for Editor in 0.00 ms.
Warning: Annotation not found!
UnityEngine.StackTraceUtility:ExtractStackTrace ()
UnityEditor.ProBuilder.EditorUtility:SetGizmoIconEnabled (System.Type,bool) (at Library/PackageCache/com.unity.probuilder@4.4.0/Editor/EditorCore/EditorUtility.cs:593)
UnityEditor.ProBuilder.HierarchyListener:.cctor () (at Library/PackageCache/com.unity.probuilder@4.4.0/Editor/EditorCore/HierarchyListener.cs:21)
System.Runtime.CompilerServices.RuntimeHelpers:RunClassConstructor (System.RuntimeTypeHandle)
UnityEditor.EditorAssemblies:ProcessInitializeOnLoadAttributes (System.Type[])

[Library/PackageCache/com.unity.probuilder@4.4.0/Editor/EditorCore/EditorUtility.cs line 593]

Invoked RoslynAnalysisRunner static constructor.
RoslynAnalysisRunner will not be running.
RoslynAnalysisRunner has terminated.
Mono: successfully reloaded assembly
- Completed reload, in  0.719 seconds
Platform modules already initialized, skipping
Switching build target platform(5) subTarget(0) extendedPlatform(0) -> platform(13) subTarget(537395200) extendedPlatform(0)
Shader 'Universal Render Pipeline/Particles/Lit': fallback shader 'Universal Render Pipeline/Particles/SimpleLit' not found
Shader 'Universal Render Pipeline/Particles/Lit': fallback shader 'Universal Render Pipeline/Particles/SimpleLit' not found
Refreshing native plugins compatible for Editor in 0.42 ms, found 0 plugins.
Preloading 0 native plugins for Editor in 0.00 ms.
Unloading 2929 Unused Serialized files (Serialized files now loaded: 0)
System memory in use before: 152.3 MB.
System memory in use after: 150.2 MB.

Unloading 44 unused Assets to reduce memory usage. Loaded Objects now: 3553.
Total: 9.197700 ms (FindLiveObjects: 0.650300 ms CreateObjectMapping: 0.447000 ms MarkObjects: 5.138400 ms  DeleteObjects: 2.960000 ms)

AssetImportParameters requested are different than current active one (requested -> active):
  custom:graphics/normal-map-encoding: 01000000000000000000000000000000 -> 02000000000000000000000000000000
========================================================================
Received Import Request.
  Time since last request: 90.732091 seconds.
  path: Assets/Prefabs/Patterns/Pattern_0 2.prefab
  artifactKey: Guid(dc584eb6f11198c4da3cdce84ec23cf4) Importer(815301076,1909f56bfc062723c751e8b465ee728b)
Start importing Assets/Prefabs/Patterns/Pattern_0 2.prefab using Guid(dc584eb6f11198c4da3cdce84ec23cf4) Importer(815301076,1909f56bfc062723c751e8b465ee728b)  -> (artifact id: '1b4ef36b75e3f6c89e2e8e83314fb2d0') in 0.121153 seconds
  Import took 0.126207 seconds .

========================================================================
Received Prepare
Registering precompiled user dll's ...
Registered in 0.001107 seconds.
Begin MonoManager ReloadAssembly
Native extension for WindowsStandalone target not found
Refreshing native plugins compatible for Editor in 0.41 ms, found 0 plugins.
Preloading 0 native plugins for Editor in 0.00 ms.
Warning: Annotation not found!
UnityEngine.StackTraceUtility:ExtractStackTrace ()
UnityEditor.ProBuilder.EditorUtility:SetGizmoIconEnabled (System.Type,bool) (at Library/PackageCache/com.unity.probuilder@4.4.0/Editor/EditorCore/EditorUtility.cs:593)
UnityEditor.ProBuilder.HierarchyListener:.cctor () (at Library/PackageCache/com.unity.probuilder@4.4.0/Editor/EditorCore/HierarchyListener.cs:21)
System.Runtime.CompilerServices.RuntimeHelpers:RunClassConstructor (System.RuntimeTypeHandle)
UnityEditor.EditorAssemblies:ProcessInitializeOnLoadAttributes (System.Type[])

[Library/PackageCache/com.unity.probuilder@4.4.0/Editor/EditorCore/EditorUtility.cs line 593]

Invoked RoslynAnalysisRunner static constructor.
RoslynAnalysisRunner will not be running.
RoslynAnalysisRunner has terminated.
Mono: successfully reloaded assembly
- Completed reload, in  0.726 seconds
Platform modules already initialized, skipping
Switching build target platform(5) subTarget(0) extendedPlatform(0) -> platform(13) subTarget(537395200) extendedPlatform(0)
Shader 'Universal Render Pipeline/Particles/Lit': fallback shader 'Universal Render Pipeline/Particles/SimpleLit' not found
Shader 'Universal Render Pipeline/Particles/Lit': fallback shader 'Universal Render Pipeline/Particles/SimpleLit' not found
Refreshing native plugins compatible for Editor in 0.40 ms, found 0 plugins.
Preloading 0 native plugins for Editor in 0.00 ms.
Unloading 2929 Unused Serialized files (Serialized files now loaded: 0)
System memory in use before: 152.7 MB.
System memory in use after: 150.6 MB.

Unloading 44 unused Assets to reduce memory usage. Loaded Objects now: 3591.
Total: 3.391400 ms (FindLiveObjects: 0.273100 ms CreateObjectMapping: 0.123000 ms MarkObjects: 1.884200 ms  DeleteObjects: 1.110500 ms)

AssetImportParameters requested are different than current active one (requested -> active):
  custom:graphics/normal-map-encoding: 01000000000000000000000000000000 -> 02000000000000000000000000000000
========================================================================
Received Prepare
Registering precompiled user dll's ...
Registered in 0.001091 seconds.
Begin MonoManager ReloadAssembly
Native extension for WindowsStandalone target not found
Refreshing native plugins compatible for Editor in 0.41 ms, found 0 plugins.
Preloading 0 native plugins for Editor in 0.00 ms.
Warning: Annotation not found!
UnityEngine.StackTraceUtility:ExtractStackTrace ()
UnityEditor.ProBuilder.EditorUtility:SetGizmoIconEnabled (System.Type,bool) (at Library/PackageCache/com.unity.probuilder@4.4.0/Editor/EditorCore/EditorUtility.cs:593)
UnityEditor.ProBuilder.HierarchyListener:.cctor () (at Library/PackageCache/com.unity.probuilder@4.4.0/Editor/EditorCore/HierarchyListener.cs:21)
System.Runtime.CompilerServices.RuntimeHelpers:RunClassConstructor (System.RuntimeTypeHandle)
UnityEditor.EditorAssemblies:ProcessInitializeOnLoadAttributes (System.Type[])

[Library/PackageCache/com.unity.probuilder@4.4.0/Editor/EditorCore/EditorUtility.cs line 593]

Invoked RoslynAnalysisRunner static constructor.
RoslynAnalysisRunner will not be running.
RoslynAnalysisRunner has terminated.
Mono: successfully reloaded assembly
- Completed reload, in  0.729 seconds
Platform modules already initialized, skipping
Switching build target platform(5) subTarget(0) extendedPlatform(0) -> platform(13) subTarget(537395200) extendedPlatform(0)
Shader 'Universal Render Pipeline/Particles/Lit': fallback shader 'Universal Render Pipeline/Particles/SimpleLit' not found
Shader 'Universal Render Pipeline/Particles/Lit': fallback shader 'Universal Render Pipeline/Particles/SimpleLit' not found
Refreshing native plugins compatible for Editor in 0.40 ms, found 0 plugins.
Preloading 0 native plugins for Editor in 0.00 ms.
Unloading 2929 Unused Serialized files (Serialized files now loaded: 0)
System memory in use before: 152.8 MB.
System memory in use after: 150.7 MB.

Unloading 44 unused Assets to reduce memory usage. Loaded Objects now: 3593.
Total: 3.566000 ms (FindLiveObjects: 0.254000 ms CreateObjectMapping: 0.110000 ms MarkObjects: 2.030000 ms  DeleteObjects: 1.171000 ms)

AssetImportParameters requested are different than current active one (requested -> active):
  custom:graphics/normal-map-encoding: 01000000000000000000000000000000 -> 02000000000000000000000000000000
========================================================================
Received Prepare
Registering precompiled user dll's ...
Registered in 0.001035 seconds.
Begin MonoManager ReloadAssembly
Native extension for WindowsStandalone target not found
Refreshing native plugins compatible for Editor in 0.45 ms, found 0 plugins.
Preloading 0 native plugins for Editor in 0.00 ms.
Warning: Annotation not found!
UnityEngine.StackTraceUtility:ExtractStackTrace ()
UnityEditor.ProBuilder.EditorUtility:SetGizmoIconEnabled (System.Type,bool) (at Library/PackageCache/com.unity.probuilder@4.4.0/Editor/EditorCore/EditorUtility.cs:593)
UnityEditor.ProBuilder.HierarchyListener:.cctor () (at Library/PackageCache/com.unity.probuilder@4.4.0/Editor/EditorCore/HierarchyListener.cs:21)
System.Runtime.CompilerServices.RuntimeHelpers:RunClassConstructor (System.RuntimeTypeHandle)
UnityEditor.EditorAssemblies:ProcessInitializeOnLoadAttributes (System.Type[])

[Library/PackageCache/com.unity.probuilder@4.4.0/Editor/EditorCore/EditorUtility.cs line 593]

Invoked RoslynAnalysisRunner static constructor.
RoslynAnalysisRunner will not be running.
RoslynAnalysisRunner has terminated.
Mono: successfully reloaded assembly
- Completed reload, in  0.730 seconds
Platform modules already initialized, skipping
Switching build target platform(5) subTarget(0) extendedPlatform(0) -> platform(13) subTarget(537395200) extendedPlatform(0)
Shader 'Universal Render Pipeline/Particles/Lit': fallback shader 'Universal Render Pipeline/Particles/SimpleLit' not found
Shader 'Universal Render Pipeline/Particles/Lit': fallback shader 'Universal Render Pipeline/Particles/SimpleLit' not found
Refreshing native plugins compatible for Editor in 0.43 ms, found 0 plugins.
Preloading 0 native plugins for Editor in 0.00 ms.
Unloading 2929 Unused Serialized files (Serialized files now loaded: 0)
System memory in use before: 152.3 MB.
System memory in use after: 150.2 MB.

Unloading 44 unused Assets to reduce memory usage. Loaded Objects now: 3595.
Total: 3.242300 ms (FindLiveObjects: 0.268200 ms CreateObjectMapping: 0.130600 ms MarkObjects: 1.718400 ms  DeleteObjects: 1.124400 ms)

AssetImportParameters requested are different than current active one (requested -> active):
  custom:graphics/normal-map-encoding: 01000000000000000000000000000000 -> 02000000000000000000000000000000
========================================================================
Received Prepare
Registering precompiled user dll's ...
Registered in 0.001086 seconds.
Begin MonoManager ReloadAssembly
Native extension for WindowsStandalone target not found
Refreshing native plugins compatible for Editor in 0.41 ms, found 0 plugins.
Preloading 0 native plugins for Editor in 0.00 ms.
Warning: Annotation not found!
UnityEngine.StackTraceUtility:ExtractStackTrace ()
UnityEditor.ProBuilder.EditorUtility:SetGizmoIconEnabled (System.Type,bool) (at Library/PackageCache/com.unity.probuilder@4.4.0/Editor/EditorCore/EditorUtility.cs:593)
UnityEditor.ProBuilder.HierarchyListener:.cctor () (at Library/PackageCache/com.unity.probuilder@4.4.0/Editor/EditorCore/HierarchyListener.cs:21)
System.Runtime.CompilerServices.RuntimeHelpers:RunClassConstructor (System.RuntimeTypeHandle)
UnityEditor.EditorAssemblies:ProcessInitializeOnLoadAttributes (System.Type[])

[Library/PackageCache/com.unity.probuilder@4.4.0/Editor/EditorCore/EditorUtility.cs line 593]

Invoked RoslynAnalysisRunner static constructor.
RoslynAnalysisRunner will not be running.
RoslynAnalysisRunner has terminated.
Mono: successfully reloaded assembly
- Completed reload, in  0.742 seconds
Platform modules already initialized, skipping
Switching build target platform(5) subTarget(0) extendedPlatform(0) -> platform(13) subTarget(537395200) extendedPlatform(0)
Shader 'Universal Render Pipeline/Particles/Lit': fallback shader 'Universal Render Pipeline/Particles/SimpleLit' not found
Shader 'Universal Render Pipeline/Particles/Lit': fallback shader 'Universal Render Pipeline/Particles/SimpleLit' not found
Refreshing native plugins compatible for Editor in 0.40 ms, found 0 plugins.
Preloading 0 native plugins for Editor in 0.00 ms.
Unloading 2929 Unused Serialized files (Serialized files now loaded: 0)
System memory in use before: 152.6 MB.
System memory in use after: 150.5 MB.

Unloading 44 unused Assets to reduce memory usage. Loaded Objects now: 3597.
Total: 3.416700 ms (FindLiveObjects: 0.274500 ms CreateObjectMapping: 0.120600 ms MarkObjects: 1.717800 ms  DeleteObjects: 1.303200 ms)

AssetImportParameters requested are different than current active one (requested -> active):
  custom:graphics/normal-map-encoding: 01000000000000000000000000000000 -> 02000000000000000000000000000000
========================================================================
Received Import Request.
  Time since last request: 153.858070 seconds.
  path: Assets/Tools/LevelGenerator/Configs/LevelsConfig.asset
  artifactKey: Guid(72d6a8eeb8067884da4a65faabd88121) Importer(815301076,1909f56bfc062723c751e8b465ee728b)
Start importing Assets/Tools/LevelGenerator/Configs/LevelsConfig.asset using Guid(72d6a8eeb8067884da4a65faabd88121) Importer(815301076,1909f56bfc062723c751e8b465ee728b)  -> (artifact id: 'e9361f90f026a1368daf577cd14a1c52') in 0.007896 seconds
  Import took 0.011706 seconds .

========================================================================
Received Import Request.
  Time since last request: 1.712331 seconds.
  path: Assets/Tools/LevelGenerator/Configs/LevelsConfig.asset
  artifactKey: Guid(72d6a8eeb8067884da4a65faabd88121) Importer(815301076,1909f56bfc062723c751e8b465ee728b)
Start importing Assets/Tools/LevelGenerator/Configs/LevelsConfig.asset using Guid(72d6a8eeb8067884da4a65faabd88121) Importer(815301076,1909f56bfc062723c751e8b465ee728b)  -> (artifact id: 'e9361f90f026a1368daf577cd14a1c52') in 0.001910 seconds
  Import took 0.005556 seconds .

========================================================================
Received Prepare
Registering precompiled user dll's ...
Registered in 0.001195 seconds.
Begin MonoManager ReloadAssembly
Native extension for WindowsStandalone target not found
Refreshing native plugins compatible for Editor in 0.40 ms, found 0 plugins.
Preloading 0 native plugins for Editor in 0.00 ms.
Warning: Annotation not found!
UnityEngine.StackTraceUtility:ExtractStackTrace ()
UnityEditor.ProBuilder.EditorUtility:SetGizmoIconEnabled (System.Type,bool) (at Library/PackageCache/com.unity.probuilder@4.4.0/Editor/EditorCore/EditorUtility.cs:593)
UnityEditor.ProBuilder.HierarchyListener:.cctor () (at Library/PackageCache/com.unity.probuilder@4.4.0/Editor/EditorCore/HierarchyListener.cs:21)
System.Runtime.CompilerServices.RuntimeHelpers:RunClassConstructor (System.RuntimeTypeHandle)
UnityEditor.EditorAssemblies:ProcessInitializeOnLoadAttributes (System.Type[])

[Library/PackageCache/com.unity.probuilder@4.4.0/Editor/EditorCore/EditorUtility.cs line 593]

Invoked RoslynAnalysisRunner static constructor.
RoslynAnalysisRunner will not be running.
RoslynAnalysisRunner has terminated.
Mono: successfully reloaded assembly
- Completed reload, in  0.783 seconds
Platform modules already initialized, skipping
Switching build target platform(5) subTarget(0) extendedPlatform(0) -> platform(13) subTarget(537395200) extendedPlatform(0)
Shader 'Universal Render Pipeline/Particles/Lit': fallback shader 'Universal Render Pipeline/Particles/SimpleLit' not found
Shader 'Universal Render Pipeline/Particles/Lit': fallback shader 'Universal Render Pipeline/Particles/SimpleLit' not found
Refreshing native plugins compatible for Editor in 0.41 ms, found 0 plugins.
Preloading 0 native plugins for Editor in 0.00 ms.
Unloading 2929 Unused Serialized files (Serialized files now loaded: 0)
System memory in use before: 152.8 MB.
System memory in use after: 150.7 MB.

Unloading 44 unused Assets to reduce memory usage. Loaded Objects now: 3599.
Total: 3.854200 ms (FindLiveObjects: 0.257400 ms CreateObjectMapping: 0.119700 ms MarkObjects: 1.826300 ms  DeleteObjects: 1.649900 ms)

AssetImportParameters requested are different than current active one (requested -> active):
  custom:graphics/normal-map-encoding: 01000000000000000000000000000000 -> 02000000000000000000000000000000
========================================================================
Received Prepare
Registering precompiled user dll's ...
Registered in 0.001250 seconds.
Begin MonoManager ReloadAssembly
Native extension for WindowsStandalone target not found
Refreshing native plugins compatible for Editor in 0.43 ms, found 0 plugins.
Preloading 0 native plugins for Editor in 0.00 ms.
Warning: Annotation not found!
UnityEngine.StackTraceUtility:ExtractStackTrace ()
UnityEditor.ProBuilder.EditorUtility:SetGizmoIconEnabled (System.Type,bool) (at Library/PackageCache/com.unity.probuilder@4.4.0/Editor/EditorCore/EditorUtility.cs:593)
UnityEditor.ProBuilder.HierarchyListener:.cctor () (at Library/PackageCache/com.unity.probuilder@4.4.0/Editor/EditorCore/HierarchyListener.cs:21)
System.Runtime.CompilerServices.RuntimeHelpers:RunClassConstructor (System.RuntimeTypeHandle)
UnityEditor.EditorAssemblies:ProcessInitializeOnLoadAttributes (System.Type[])

[Library/PackageCache/com.unity.probuilder@4.4.0/Editor/EditorCore/EditorUtility.cs line 593]

Invoked RoslynAnalysisRunner static constructor.
RoslynAnalysisRunner will not be running.
RoslynAnalysisRunner has terminated.
Mono: successfully reloaded assembly
- Completed reload, in  0.801 seconds
Platform modules already initialized, skipping
Switching build target platform(5) subTarget(0) extendedPlatform(0) -> platform(13) subTarget(537395200) extendedPlatform(0)
Shader 'Universal Render Pipeline/Particles/Lit': fallback shader 'Universal Render Pipeline/Particles/SimpleLit' not found
Shader 'Universal Render Pipeline/Particles/Lit': fallback shader 'Universal Render Pipeline/Particles/SimpleLit' not found
Refreshing native plugins compatible for Editor in 0.44 ms, found 0 plugins.
Preloading 0 native plugins for Editor in 0.00 ms.
Unloading 2929 Unused Serialized files (Serialized files now loaded: 0)
System memory in use before: 152.1 MB.
System memory in use after: 150.1 MB.

Unloading 44 unused Assets to reduce memory usage. Loaded Objects now: 3601.
Total: 3.458800 ms (FindLiveObjects: 0.272500 ms CreateObjectMapping: 0.111800 ms MarkObjects: 1.900800 ms  DeleteObjects: 1.172900 ms)

AssetImportParameters requested are different than current active one (requested -> active):
  custom:graphics/normal-map-encoding: 01000000000000000000000000000000 -> 02000000000000000000000000000000
========================================================================
Received Import Request.
  Time since last request: 6535.287563 seconds.
  path: Assets/Shaders/GameField.shadergraph
  artifactKey: Guid(5781da4bd9dd6e7429e042610e68450a) Importer(815301076,1909f56bfc062723c751e8b465ee728b)
Start importing Assets/Shaders/GameField.shadergraph using Guid(5781da4bd9dd6e7429e042610e68450a) Importer(815301076,1909f56bfc062723c751e8b465ee728b)  -> (artifact id: 'b53b2bb459b3478299fabf97363a3e5e') in 0.009875 seconds
  Import took 0.013931 seconds .

========================================================================
Received Import Request.
  Time since last request: 0.241515 seconds.
  path: Assets/Shaders/GameField.shadergraph
  artifactKey: Guid(5781da4bd9dd6e7429e042610e68450a) Importer(815301076,1909f56bfc062723c751e8b465ee728b)
Start importing Assets/Shaders/GameField.shadergraph using Guid(5781da4bd9dd6e7429e042610e68450a) Importer(815301076,1909f56bfc062723c751e8b465ee728b)  -> (artifact id: 'b53b2bb459b3478299fabf97363a3e5e') in 0.001999 seconds
  Import took 0.005756 seconds .

========================================================================
Received Import Request.
  Time since last request: 315.517685 seconds.
  path: Assets/Shaders/GameField.shadergraph
  artifactKey: Guid(5781da4bd9dd6e7429e042610e68450a) Importer(815301076,1909f56bfc062723c751e8b465ee728b)
Start importing Assets/Shaders/GameField.shadergraph using Guid(5781da4bd9dd6e7429e042610e68450a) Importer(815301076,1909f56bfc062723c751e8b465ee728b)  -> (artifact id: 'b63c3712c535488e3621fad68e0749e6') in 0.002300 seconds
  Import took 0.006592 seconds .

========================================================================
Received Import Request.
  Time since last request: 536.454369 seconds.
  path: Assets/Prefabs/Resources/DeathCube.prefab
  artifactKey: Guid(415d806958f8bc048ae0f141b64c54cb) Importer(815301076,1909f56bfc062723c751e8b465ee728b)
Start importing Assets/Prefabs/Resources/DeathCube.prefab using Guid(415d806958f8bc048ae0f141b64c54cb) Importer(815301076,1909f56bfc062723c751e8b465ee728b)  -> (artifact id: '8754de8721e0fe1ed4e33389303f3653') in 0.132648 seconds
  Import took 0.137251 seconds .

========================================================================
Received Import Request.
  Time since last request: 0.181706 seconds.
  path: Assets/Prefabs/Resources/DivideLine.prefab
  artifactKey: Guid(65c16f58471c105449915bd464d0ef45) Importer(815301076,1909f56bfc062723c751e8b465ee728b)
Start importing Assets/Prefabs/Resources/DivideLine.prefab using Guid(65c16f58471c105449915bd464d0ef45) Importer(815301076,1909f56bfc062723c751e8b465ee728b)  -> (artifact id: 'd90fca501b929265f2108a87286b6e49') in 0.012417 seconds
  Import took 0.016382 seconds .

========================================================================
Received Import Request.
  Time since last request: 0.643158 seconds.
  path: Assets/Prefabs/Resources/Ground.prefab
  artifactKey: Guid(8cf07987986b12b45a2c603eeca59644) Importer(815301076,1909f56bfc062723c751e8b465ee728b)
Start importing Assets/Prefabs/Resources/Ground.prefab using Guid(8cf07987986b12b45a2c603eeca59644) Importer(815301076,1909f56bfc062723c751e8b465ee728b)  -> (artifact id: '309f93e0f39d1f0c1e82be0f44d00d41') in 0.012191 seconds
  Import took 0.016560 seconds .

========================================================================
Received Import Request.
  Time since last request: 0.005737 seconds.
  path: Assets/Prefabs/Resources/Ground.prefab
  artifactKey: Guid(8cf07987986b12b45a2c603eeca59644) Importer(815301076,1909f56bfc062723c751e8b465ee728b)
Start importing Assets/Prefabs/Resources/Ground.prefab using Guid(8cf07987986b12b45a2c603eeca59644) Importer(815301076,1909f56bfc062723c751e8b465ee728b)  -> (artifact id: '309f93e0f39d1f0c1e82be0f44d00d41') in 0.005882 seconds
  Import took 0.009799 seconds .

========================================================================
Received Import Request.
  Time since last request: 5.323760 seconds.
  path: Packages/com.unity.probuilder/Content/Resources/Materials/FacePicker.mat
  artifactKey: Guid(5695904020f064fdab5ad265b274a616) Importer(815301076,1909f56bfc062723c751e8b465ee728b)
Start importing Packages/com.unity.probuilder/Content/Resources/Materials/FacePicker.mat using Guid(5695904020f064fdab5ad265b274a616) Importer(815301076,1909f56bfc062723c751e8b465ee728b)  -> (artifact id: 'a47cdc68c1960b84fce04b1594382a3f') in 0.058307 seconds
  Import took 0.062264 seconds .

========================================================================
Received Import Request.
  Time since last request: 0.000167 seconds.
  path: Packages/com.unity.progrids/Font/Asap-Medium-ProGrids.otf
  artifactKey: Guid(8c2220bd5fd560c4297e93c4c66a2ba8) Importer(815301076,1909f56bfc062723c751e8b465ee728b)
Start importing Packages/com.unity.progrids/Font/Asap-Medium-ProGrids.otf using Guid(8c2220bd5fd560c4297e93c4c66a2ba8) Importer(815301076,1909f56bfc062723c751e8b465ee728b)  -> (artifact id: '17cedb2b5f75c322e53abe008d6610a5') in 0.116217 seconds
  Import took 0.120173 seconds .

========================================================================
Received Import Request.
  Time since last request: 0.000155 seconds.
  path: Packages/com.unity.probuilder/Content/Resources/Materials/VertexPickerHDRP.mat
  artifactKey: Guid(7d5c9fc287a2aa945a98203d41282923) Importer(815301076,1909f56bfc062723c751e8b465ee728b)
Start importing Packages/com.unity.probuilder/Content/Resources/Materials/VertexPickerHDRP.mat using Guid(7d5c9fc287a2aa945a98203d41282923) Importer(815301076,1909f56bfc062723c751e8b465ee728b)  -> (artifact id: 'c1fd9c37a4ff504a39e0793f5bab8baf') in 0.018893 seconds
  Import took 0.023320 seconds .

========================================================================
Received Import Request.
  Time since last request: 0.000157 seconds.
  path: Packages/com.unity.probuilder/Content/Resources/Materials/Trigger.mat
  artifactKey: Guid(a1e97cbf2538241b691aae8243b5fb10) Importer(815301076,1909f56bfc062723c751e8b465ee728b)
Start importing Packages/com.unity.probuilder/Content/Resources/Materials/Trigger.mat using Guid(a1e97cbf2538241b691aae8243b5fb10) Importer(815301076,1909f56bfc062723c751e8b465ee728b)  -> (artifact id: '3ef71228ffc5e5a6528a43aae0907899') in 0.065883 seconds
  Import took 0.069655 seconds .

========================================================================
Received Import Request.
  Time since last request: 0.000127 seconds.
  path: Packages/com.unity.probuilder/Content/Resources/Materials/VertexPicker.mat
  artifactKey: Guid(30a8575e1d4cc4e01a88ffbf4f973d80) Importer(815301076,1909f56bfc062723c751e8b465ee728b)
Start importing Packages/com.unity.probuilder/Content/Resources/Materials/VertexPicker.mat using Guid(30a8575e1d4cc4e01a88ffbf4f973d80) Importer(815301076,1909f56bfc062723c751e8b465ee728b)  -> (artifact id: '1e50c77f7029c97f1e1b375478754de7') in 0.060460 seconds
  Import took 0.064340 seconds .

========================================================================
Received Import Request.
  Time since last request: 0.000140 seconds.
  path: Packages/com.unity.probuilder/Content/Resources/Materials/ProBuilderDefault.mat
  artifactKey: Guid(c22777d6e868e4f2fb421913386b154e) Importer(815301076,1909f56bfc062723c751e8b465ee728b)
Start importing Packages/com.unity.probuilder/Content/Resources/Materials/ProBuilderDefault.mat using Guid(c22777d6e868e4f2fb421913386b154e) Importer(815301076,1909f56bfc062723c751e8b465ee728b)  -> (artifact id: '9f25efb384c48aeb6a5fe38b1559ae16') in 0.022917 seconds
  Import took 0.027649 seconds .

========================================================================
Received Import Request.
  Time since last request: 0.000158 seconds.
  path: Packages/com.unity.probuilder/Content/Resources/Materials/NoDraw.mat
  artifactKey: Guid(8cb4d6fee77fd4ee6895f08b240d625f) Importer(815301076,1909f56bfc062723c751e8b465ee728b)
Start importing Packages/com.unity.probuilder/Content/Resources/Materials/NoDraw.mat using Guid(8cb4d6fee77fd4ee6895f08b240d625f) Importer(815301076,1909f56bfc062723c751e8b465ee728b)  -> (artifact id: '3cf5b0e0ad8cc6f0d28bd47ea7b740d6') in 0.064182 seconds
  Import took 0.068108 seconds .

========================================================================
Received Import Request.
  Time since last request: 0.000149 seconds.
  path: Assets/Materials/Skybox_Mat.mat
  artifactKey: Guid(0ffaa0b7117ba8c47a9d05ae701d4b4d) Importer(815301076,1909f56bfc062723c751e8b465ee728b)
Start importing Assets/Materials/Skybox_Mat.mat using Guid(0ffaa0b7117ba8c47a9d05ae701d4b4d) Importer(815301076,1909f56bfc062723c751e8b465ee728b)  -> (artifact id: 'a0ee944aff1118a67582b8500c047ca1') in 0.076081 seconds
  Import took 0.080104 seconds .

========================================================================
Received Import Request.
  Time since last request: 0.000122 seconds.
  path: Packages/com.unity.probuilder/Content/Resources/Materials/StandardVertexColorLWRP.mat
  artifactKey: Guid(077a003b1de1e4c35923be7a21b5d948) Importer(815301076,1909f56bfc062723c751e8b465ee728b)
Start importing Packages/com.unity.probuilder/Content/Resources/Materials/StandardVertexColorLWRP.mat using Guid(077a003b1de1e4c35923be7a21b5d948) Importer(815301076,1909f56bfc062723c751e8b465ee728b)  -> (artifact id: 'b0441e16eaac32ee5fb2d65fb24f83b5') in 0.020613 seconds
  Import took 0.024441 seconds .

========================================================================
Received Import Request.
  Time since last request: 0.000156 seconds.
  path: Assets/Shaders/GameField.mat
  artifactKey: Guid(821cdb5eaeca93f4a92f2c5b3c41ed57) Importer(815301076,1909f56bfc062723c751e8b465ee728b)
Start importing Assets/Shaders/GameField.mat using Guid(821cdb5eaeca93f4a92f2c5b3c41ed57) Importer(815301076,1909f56bfc062723c751e8b465ee728b)  -> (artifact id: '026739fc4dafc00cf2953a0aa7804d7f') in 0.384046 seconds
  Import took 0.387732 seconds .

========================================================================
Received Import Request.
  Time since last request: 0.000161 seconds.
  path: Packages/com.unity.probuilder/Content/Resources/Materials/InvisibleFace.mat
  artifactKey: Guid(978bbcf5050244f1b95128c04103f628) Importer(815301076,1909f56bfc062723c751e8b465ee728b)
Start importing Packages/com.unity.probuilder/Content/Resources/Materials/InvisibleFace.mat using Guid(978bbcf5050244f1b95128c04103f628) Importer(815301076,1909f56bfc062723c751e8b465ee728b)  -> (artifact id: '8a6d0b713fdbc76f35350db458ebf11a') in 0.027872 seconds
  Import took 0.031864 seconds .

========================================================================
Received Import Request.
  Time since last request: 0.000161 seconds.
  path: Packages/com.unity.progrids/Font/Asap-Regular-ProGrids.otf
  artifactKey: Guid(79008363f1983ec4088c4588c6f0a7aa) Importer(815301076,1909f56bfc062723c751e8b465ee728b)
Start importing Packages/com.unity.progrids/Font/Asap-Regular-ProGrids.otf using Guid(79008363f1983ec4088c4588c6f0a7aa) Importer(815301076,1909f56bfc062723c751e8b465ee728b)  -> (artifact id: 'd63bef6183ce448fa856a7408624a44b') in 0.021392 seconds
  Import took 0.025273 seconds .

========================================================================
Received Import Request.
  Time since last request: 0.000105 seconds.
  path: Packages/com.unity.probuilder/Content/Resources/Materials/FacePickerHDRP.mat
  artifactKey: Guid(a53ef0dd76f2fe74eb5f43267d7c0195) Importer(815301076,1909f56bfc062723c751e8b465ee728b)
Start importing Packages/com.unity.probuilder/Content/Resources/Materials/FacePickerHDRP.mat using Guid(a53ef0dd76f2fe74eb5f43267d7c0195) Importer(815301076,1909f56bfc062723c751e8b465ee728b)  -> (artifact id: '6b29727b58b09a5e3055dbc91a70b89e') in 0.012994 seconds
  Import took 0.016702 seconds .

========================================================================
Received Import Request.
  Time since last request: 0.000128 seconds.
  path: Packages/com.unity.probuilder/Content/Resources/Materials/UnlitVertexColor.mat
  artifactKey: Guid(29966c3c0907b49b58c4e59342d020cf) Importer(815301076,1909f56bfc062723c751e8b465ee728b)
Start importing Packages/com.unity.probuilder/Content/Resources/Materials/UnlitVertexColor.mat using Guid(29966c3c0907b49b58c4e59342d020cf) Importer(815301076,1909f56bfc062723c751e8b465ee728b)  -> (artifact id: 'ded268b69d82131aeed165519dadc742') in 0.029211 seconds
  Import took 0.033298 seconds .

========================================================================
Received Import Request.
  Time since last request: 0.000129 seconds.
  path: Packages/com.unity.probuilder/Content/Resources/Materials/StandardVertexColorHDRP.mat
  artifactKey: Guid(c35693c079f3840f7938a4a323096e84) Importer(815301076,1909f56bfc062723c751e8b465ee728b)
Start importing Packages/com.unity.probuilder/Content/Resources/Materials/StandardVertexColorHDRP.mat using Guid(c35693c079f3840f7938a4a323096e84) Importer(815301076,1909f56bfc062723c751e8b465ee728b)  -> (artifact id: '00bc509d9669ab1ce343049ea781f537') in 0.013260 seconds
  Import took 0.017183 seconds .

========================================================================
Received Import Request.
  Time since last request: 1.240904 seconds.
  path: Packages/com.unity.probuilder/Content/Resources/Materials/EdgePicker.mat
  artifactKey: Guid(4ff996e3a0a5743a3987ab6231160665) Importer(815301076,1909f56bfc062723c751e8b465ee728b)
Start importing Packages/com.unity.probuilder/Content/Resources/Materials/EdgePicker.mat using Guid(4ff996e3a0a5743a3987ab6231160665) Importer(815301076,1909f56bfc062723c751e8b465ee728b)  -> (artifact id: '181df94f86f436f85132708266254298') in 0.027648 seconds
  Import took 0.031433 seconds .

========================================================================
Received Import Request.
  Time since last request: 0.000139 seconds.
  path: Packages/com.unity.probuilder/Content/Resources/Materials/EdgePickerHDRP.mat
  artifactKey: Guid(980c24c5a501a9a429356d191ad356a9) Importer(815301076,1909f56bfc062723c751e8b465ee728b)
Start importing Packages/com.unity.probuilder/Content/Resources/Materials/EdgePickerHDRP.mat using Guid(980c24c5a501a9a429356d191ad356a9) Importer(815301076,1909f56bfc062723c751e8b465ee728b)  -> (artifact id: '710288cb12666bd5690affaa42ff6671') in 0.011999 seconds
  Import took 0.016146 seconds .

========================================================================
Received Import Request.
  Time since last request: 0.000160 seconds.
  path: Packages/com.unity.probuilder/Content/Resources/Materials/Collider.mat
  artifactKey: Guid(bbb235fff4f48426b863b36058ab66d2) Importer(815301076,1909f56bfc062723c751e8b465ee728b)
Start importing Packages/com.unity.probuilder/Content/Resources/Materials/Collider.mat using Guid(bbb235fff4f48426b863b36058ab66d2) Importer(815301076,1909f56bfc062723c751e8b465ee728b)  -> (artifact id: '2a27ae1311732be209148bff7b26cd99') in 0.032428 seconds
  Import took 0.036661 seconds .

========================================================================
Received Import Request.
  Time since last request: 0.000167 seconds.
  path: Packages/com.unity.probuilder/Content/Material/Checker.mat
  artifactKey: Guid(4717b199010ca4cb3a8a7a465ec457d2) Importer(815301076,1909f56bfc062723c751e8b465ee728b)
Start importing Packages/com.unity.probuilder/Content/Material/Checker.mat using Guid(4717b199010ca4cb3a8a7a465ec457d2) Importer(815301076,1909f56bfc062723c751e8b465ee728b)  -> (artifact id: '35329e6a6d5f4d79d39cf145a6b1923d') in 0.022353 seconds
  Import took 0.026143 seconds .

========================================================================
Received Prepare
Registering precompiled user dll's ...
Registered in 0.001215 seconds.
Begin MonoManager ReloadAssembly
Native extension for WindowsStandalone target not found
Refreshing native plugins compatible for Editor in 0.43 ms, found 0 plugins.
Preloading 0 native plugins for Editor in 0.00 ms.
Warning: Annotation not found!
UnityEngine.StackTraceUtility:ExtractStackTrace ()
UnityEditor.ProBuilder.EditorUtility:SetGizmoIconEnabled (System.Type,bool) (at Library/PackageCache/com.unity.probuilder@4.4.0/Editor/EditorCore/EditorUtility.cs:593)
UnityEditor.ProBuilder.HierarchyListener:.cctor () (at Library/PackageCache/com.unity.probuilder@4.4.0/Editor/EditorCore/HierarchyListener.cs:21)
System.Runtime.CompilerServices.RuntimeHelpers:RunClassConstructor (System.RuntimeTypeHandle)
UnityEditor.EditorAssemblies:ProcessInitializeOnLoadAttributes (System.Type[])

[Library/PackageCache/com.unity.probuilder@4.4.0/Editor/EditorCore/EditorUtility.cs line 593]

Invoked RoslynAnalysisRunner static constructor.
RoslynAnalysisRunner will not be running.
RoslynAnalysisRunner has terminated.
Mono: successfully reloaded assembly
- Completed reload, in  0.834 seconds
Platform modules already initialized, skipping
Switching build target platform(5) subTarget(0) extendedPlatform(0) -> platform(13) subTarget(537395200) extendedPlatform(0)
Shader 'Universal Render Pipeline/Particles/Lit': fallback shader 'Universal Render Pipeline/Particles/SimpleLit' not found
Shader 'Universal Render Pipeline/Particles/Lit': fallback shader 'Universal Render Pipeline/Particles/SimpleLit' not found
Refreshing native plugins compatible for Editor in 0.54 ms, found 0 plugins.
Preloading 0 native plugins for Editor in 0.00 ms.
Unloading 2930 Unused Serialized files (Serialized files now loaded: 0)
System memory in use before: 153.4 MB.
System memory in use after: 151.4 MB.

Unloading 44 unused Assets to reduce memory usage. Loaded Objects now: 3679.
Total: 3.524000 ms (FindLiveObjects: 0.290200 ms CreateObjectMapping: 0.146700 ms MarkObjects: 1.877000 ms  DeleteObjects: 1.209200 ms)

AssetImportParameters requested are different than current active one (requested -> active):
  custom:graphics/normal-map-encoding: 01000000000000000000000000000000 -> 02000000000000000000000000000000
========================================================================
Received Import Request.
  Time since last request: 61.498346 seconds.
  path: Assets/Shaders/GameField 1.shadergraph
  artifactKey: Guid(902708744aa20e44d9c0bd213153f3f6) Importer(815301076,1909f56bfc062723c751e8b465ee728b)
Start importing Assets/Shaders/GameField 1.shadergraph using Guid(902708744aa20e44d9c0bd213153f3f6) Importer(815301076,1909f56bfc062723c751e8b465ee728b)  -> (artifact id: '4c04485aeae016f83646b67d8995896f') in 0.008574 seconds
  Import took 0.012811 seconds .

========================================================================
Received Import Request.
  Time since last request: 0.069918 seconds.
  path: Assets/Shaders/GameField 1.shadergraph
  artifactKey: Guid(902708744aa20e44d9c0bd213153f3f6) Importer(815301076,1909f56bfc062723c751e8b465ee728b)
Start importing Assets/Shaders/GameField 1.shadergraph using Guid(902708744aa20e44d9c0bd213153f3f6) Importer(815301076,1909f56bfc062723c751e8b465ee728b)  -> (artifact id: '4c04485aeae016f83646b67d8995896f') in 0.002350 seconds
  Import took 0.006429 seconds .

========================================================================
Received Import Request.
  Time since last request: 80.922772 seconds.
  path: Assets/Shaders/GameField 1.shadergraph
  artifactKey: Guid(902708744aa20e44d9c0bd213153f3f6) Importer(815301076,1909f56bfc062723c751e8b465ee728b)
Start importing Assets/Shaders/GameField 1.shadergraph using Guid(902708744aa20e44d9c0bd213153f3f6) Importer(815301076,1909f56bfc062723c751e8b465ee728b)  -> (artifact id: 'cae225a3be9880c134fb5c99b6dcb8ad') in 0.002612 seconds
  Import took 0.006618 seconds .

========================================================================
Received Import Request.
  Time since last request: 5.841420 seconds.
  path: Assets/Shaders/GameField.shadergraph
  artifactKey: Guid(5781da4bd9dd6e7429e042610e68450a) Importer(815301076,1909f56bfc062723c751e8b465ee728b)
Start importing Assets/Shaders/GameField.shadergraph using Guid(5781da4bd9dd6e7429e042610e68450a) Importer(815301076,1909f56bfc062723c751e8b465ee728b)  -> (artifact id: 'a8f8e0cfdab45df86dea5fa279b006b4') in 0.005581 seconds
  Import took 0.009756 seconds .

========================================================================
Received Import Request.
  Time since last request: 0.003316 seconds.
  path: Assets/Shaders/GameField.shadergraph
  artifactKey: Guid(5781da4bd9dd6e7429e042610e68450a) Importer(815301076,1909f56bfc062723c751e8b465ee728b)
Start importing Assets/Shaders/GameField.shadergraph using Guid(5781da4bd9dd6e7429e042610e68450a) Importer(815301076,1909f56bfc062723c751e8b465ee728b)  -> (artifact id: 'a8f8e0cfdab45df86dea5fa279b006b4') in 0.001748 seconds
  Import took 0.005739 seconds .

========================================================================
Received Import Request.
  Time since last request: 4.646206 seconds.
  path: Assets/Shaders/GameField.shadergraph
  artifactKey: Guid(902708744aa20e44d9c0bd213153f3f6) Importer(815301076,1909f56bfc062723c751e8b465ee728b)
Start importing Assets/Shaders/GameField.shadergraph using Guid(902708744aa20e44d9c0bd213153f3f6) Importer(815301076,1909f56bfc062723c751e8b465ee728b)  -> (artifact id: '5315df0a3dc883abbfd58bcc09a5a649') in 0.002535 seconds
  Import took 0.006896 seconds .

