Using pre-set license
Built from '2020.2/release' branch; Version is '2020.2.2f1 (068178b99f32) revision 426360'; Using compiler version '192528614'; Build Type 'Release'
OS: 'Windows 10 Pro; OS build 19042.867; Version 2009; 64bit' Language: 'en' Physical Memory: 32699 MB
BatchMode: 1, IsHumanControllingUs: 0, StartBugReporterOnCrash: 0, Is64bit: 1, IsPro: 0

 COMMAND LINE ARGUMENTS:
C:\Program Files\Unity\Hub\Editor\2020.2.2f1\Editor\Unity.exe
-adb2
-batchMode
-noUpm
-name
AssetImportWorker0
-projectPath
D:/Unity/slimefactory
-logFile
Logs/AssetImportWorker0.log
-srvPort
51927
Successfully changed project path to: D:/Unity/slimefactory
D:/Unity/slimefactory
Using Asset Import Pipeline V2.
Refreshing native plugins compatible for Editor in 45.45 ms, found 0 plugins.
Preloading 0 native plugins for Editor in 0.00 ms.
Initialize engine version: 2020.2.2f1 (068178b99f32)
[Subsystems] Discovering subsystems at path C:/Program Files/Unity/Hub/Editor/2020.2.2f1/Editor/Data/Resources/UnitySubsystems
[Subsystems] Discovering subsystems at path D:/Unity/slimefactory/Assets
GfxDevice: creating device client; threaded=0
Direct3D:
    Version:  Direct3D 11.0 [level 11.1]
    Renderer: NVIDIA GeForce RTX 2080 SUPER (ID=0x1e81)
    Vendor:   
    VRAM:     8010 MB
    Driver:   27.21.14.6192
Initialize mono
Mono path[0] = 'C:/Program Files/Unity/Hub/Editor/2020.2.2f1/Editor/Data/Managed'
Mono path[1] = 'C:/Program Files/Unity/Hub/Editor/2020.2.2f1/Editor/Data/MonoBleedingEdge/lib/mono/unityjit'
Mono config path = 'C:/Program Files/Unity/Hub/Editor/2020.2.2f1/Editor/Data/MonoBleedingEdge/etc'
Using monoOptions --debugger-agent=transport=dt_socket,embedding=1,server=y,suspend=n,address=127.0.0.1:56628
Begin MonoManager ReloadAssembly
Registering precompiled unity dll's ...
Register platform support module: C:/Program Files/Unity/Hub/Editor/2020.2.2f1/Editor/Data/PlaybackEngines/WindowsStandaloneSupport/UnityEditor.WindowsStandalone.Extensions.dll
Registered in 0.001231 seconds.
Native extension for WindowsStandalone target not found
Refreshing native plugins compatible for Editor in 45.97 ms, found 0 plugins.
Preloading 0 native plugins for Editor in 0.00 ms.
Invoked RoslynAnalysisRunner static constructor.
RoslynAnalysisRunner will not be running.
RoslynAnalysisRunner has terminated.
Mono: successfully reloaded assembly
- Completed reload, in  1.404 seconds
Platform modules already initialized, skipping
Registering precompiled user dll's ...
Registered in 0.001210 seconds.
Begin MonoManager ReloadAssembly
Native extension for WindowsStandalone target not found
Refreshing native plugins compatible for Editor in 48.64 ms, found 0 plugins.
Preloading 0 native plugins for Editor in 0.00 ms.
Invoked RoslynAnalysisRunner static constructor.
RoslynAnalysisRunner will not be running.
RoslynAnalysisRunner has terminated.
Mono: successfully reloaded assembly
- Completed reload, in  0.918 seconds
Platform modules already initialized, skipping
========================================================================
Worker process is ready to serve import requests
Shader 'Universal Render Pipeline/Particles/Lit': fallback shader 'Universal Render Pipeline/Particles/SimpleLit' not found
Shader 'Universal Render Pipeline/Particles/Lit': fallback shader 'Universal Render Pipeline/Particles/SimpleLit' not found
Launched and connected shader compiler UnityShaderCompiler.exe after 0.03 seconds
Refreshing native plugins compatible for Editor in 0.46 ms, found 0 plugins.
Preloading 0 native plugins for Editor in 0.00 ms.
Unloading 3109 Unused Serialized files (Serialized files now loaded: 0)
System memory in use before: 152.3 MB.
System memory in use after: 150.3 MB.

Unloading 172 unused Assets to reduce memory usage. Loaded Objects now: 3520.
Total: 3.336000 ms (FindLiveObjects: 0.282000 ms CreateObjectMapping: 0.117700 ms MarkObjects: 1.847200 ms  DeleteObjects: 1.088400 ms)

========================================================================
Received Import Request.
  path: Assets/Patterns/Pattern_0 0.txt
  artifactKey: Guid(648e8e86a0649ad44a0cc3ba37eeace5) Importer(815301076,1909f56bfc062723c751e8b465ee728b)
Start importing Assets/Patterns/Pattern_0 0.txt using Guid(648e8e86a0649ad44a0cc3ba37eeace5) Importer(815301076,1909f56bfc062723c751e8b465ee728b)  -> (artifact id: '13937330950be44b66fa8a6b0182aa3a') in 0.026866 seconds
  Import took 0.030792 seconds .

========================================================================
Received Import Request.
  Time since last request: 36.508800 seconds.
  path: Assets/Prefabs/Resources/Bottle_Dinamic_1.prefab
  artifactKey: Guid(d9f7765507ca1ec4aaa45f4c089f3bf0) Importer(815301076,1909f56bfc062723c751e8b465ee728b)
Start importing Assets/Prefabs/Resources/Bottle_Dinamic_1.prefab using Guid(d9f7765507ca1ec4aaa45f4c089f3bf0) Importer(815301076,1909f56bfc062723c751e8b465ee728b)  -> (artifact id: '69e76dca8b64fa2160e8baddb8a5ea41') in 0.153063 seconds
  Import took 0.242836 seconds .

========================================================================
Received Import Request.
  Time since last request: 17.887938 seconds.
  path: Assets/Prefabs/Resources/Slime_Big.prefab
  artifactKey: Guid(c8f8b48b7be5398479c4920456599149) Importer(815301076,1909f56bfc062723c751e8b465ee728b)
Start importing Assets/Prefabs/Resources/Slime_Big.prefab using Guid(c8f8b48b7be5398479c4920456599149) Importer(815301076,1909f56bfc062723c751e8b465ee728b)  -> (artifact id: 'e1f9e7c85f671de8d026a10948adc6dd') in 0.039826 seconds
  Import took 0.043647 seconds .

========================================================================
Received Import Request.
  Time since last request: 23.994970 seconds.
  path: Assets/Prefabs/Patterns/EndPattern.prefab
  artifactKey: Guid(73e9e5104fd783d448c1b3755a03b6a9) Importer(815301076,1909f56bfc062723c751e8b465ee728b)
Start importing Assets/Prefabs/Patterns/EndPattern.prefab using Guid(73e9e5104fd783d448c1b3755a03b6a9) Importer(815301076,1909f56bfc062723c751e8b465ee728b)  -> (artifact id: '5a40e9902fa92397189f4c7e6412995b') in 0.048352 seconds
  Import took 0.052715 seconds .

========================================================================
Received Import Request.
  Time since last request: 49.706480 seconds.
  path: Assets/Patterns/Pattern_0 1.txt
  artifactKey: Guid(efdf071f1e4c3e047ab7cce26ea120b6) Importer(815301076,1909f56bfc062723c751e8b465ee728b)
Start importing Assets/Patterns/Pattern_0 1.txt using Guid(efdf071f1e4c3e047ab7cce26ea120b6) Importer(815301076,1909f56bfc062723c751e8b465ee728b)  -> (artifact id: '6dece302e2978ce8e207564df1212e77') in 0.012491 seconds
  Import took 0.016610 seconds .

========================================================================
Received Import Request.
  Time since last request: 0.000864 seconds.
  path: Assets/Patterns/Pattern_0 1.txt
  artifactKey: Guid(efdf071f1e4c3e047ab7cce26ea120b6) Importer(815301076,1909f56bfc062723c751e8b465ee728b)
Start importing Assets/Patterns/Pattern_0 1.txt using Guid(efdf071f1e4c3e047ab7cce26ea120b6) Importer(815301076,1909f56bfc062723c751e8b465ee728b)  -> (artifact id: '6dece302e2978ce8e207564df1212e77') in 0.001666 seconds
  Import took 0.005328 seconds .

========================================================================
Received Import Request.
  Time since last request: 27.266501 seconds.
  path: Assets/Patterns/EndPattern.txt
  artifactKey: Guid(6c5ebbc928c7c3849840b5bf87ac1624) Importer(815301076,1909f56bfc062723c751e8b465ee728b)
Start importing Assets/Patterns/EndPattern.txt using Guid(6c5ebbc928c7c3849840b5bf87ac1624) Importer(815301076,1909f56bfc062723c751e8b465ee728b)  -> (artifact id: 'bca732886a51fcfb44d4a09375ee8d60') in 0.001544 seconds
  Import took 0.015755 seconds .

========================================================================
Received Import Request.
  Time since last request: 1.934719 seconds.
  path: Assets/Patterns/StartPattern.txt
  artifactKey: Guid(b0aca55df00e65941a56f00e3a38054b) Importer(815301076,1909f56bfc062723c751e8b465ee728b)
Start importing Assets/Patterns/StartPattern.txt using Guid(b0aca55df00e65941a56f00e3a38054b) Importer(815301076,1909f56bfc062723c751e8b465ee728b)  -> (artifact id: '9bd76c60583163197fc2f039b60c27bc') in 0.004447 seconds
  Import took 0.022215 seconds .

========================================================================
Received Prepare
Registering precompiled user dll's ...
Registered in 0.001277 seconds.
Begin MonoManager ReloadAssembly
Native extension for WindowsStandalone target not found
Refreshing native plugins compatible for Editor in 0.46 ms, found 0 plugins.
Preloading 0 native plugins for Editor in 0.00 ms.
Warning: Annotation not found!
UnityEngine.StackTraceUtility:ExtractStackTrace ()
UnityEditor.ProBuilder.EditorUtility:SetGizmoIconEnabled (System.Type,bool) (at Library/PackageCache/com.unity.probuilder@4.4.0/Editor/EditorCore/EditorUtility.cs:593)
UnityEditor.ProBuilder.HierarchyListener:.cctor () (at Library/PackageCache/com.unity.probuilder@4.4.0/Editor/EditorCore/HierarchyListener.cs:21)
System.Runtime.CompilerServices.RuntimeHelpers:RunClassConstructor (System.RuntimeTypeHandle)
UnityEditor.EditorAssemblies:ProcessInitializeOnLoadAttributes (System.Type[])

[Library/PackageCache/com.unity.probuilder@4.4.0/Editor/EditorCore/EditorUtility.cs line 593]

Invoked RoslynAnalysisRunner static constructor.
RoslynAnalysisRunner will not be running.
RoslynAnalysisRunner has terminated.
Mono: successfully reloaded assembly
- Completed reload, in  0.757 seconds
Platform modules already initialized, skipping
Switching build target platform(5) subTarget(0) extendedPlatform(0) -> platform(13) subTarget(537395200) extendedPlatform(0)
Shader 'Universal Render Pipeline/Particles/Lit': fallback shader 'Universal Render Pipeline/Particles/SimpleLit' not found
Shader 'Universal Render Pipeline/Particles/Lit': fallback shader 'Universal Render Pipeline/Particles/SimpleLit' not found
Refreshing native plugins compatible for Editor in 0.46 ms, found 0 plugins.
Preloading 0 native plugins for Editor in 0.00 ms.
Unloading 2973 Unused Serialized files (Serialized files now loaded: 0)
System memory in use before: 157.4 MB.
System memory in use after: 155.4 MB.

Unloading 43 unused Assets to reduce memory usage. Loaded Objects now: 3569.
Total: 3.184000 ms (FindLiveObjects: 0.256800 ms CreateObjectMapping: 0.124900 ms MarkObjects: 1.799900 ms  DeleteObjects: 1.001700 ms)

AssetImportParameters requested are different than current active one (requested -> active):
  custom:graphics/normal-map-encoding: 01000000000000000000000000000000 -> 02000000000000000000000000000000
========================================================================
Received Prepare
Registering precompiled user dll's ...
Registered in 0.002573 seconds.
Begin MonoManager ReloadAssembly
Native extension for WindowsStandalone target not found
Refreshing native plugins compatible for Editor in 0.46 ms, found 0 plugins.
Preloading 0 native plugins for Editor in 0.00 ms.
Warning: Annotation not found!
UnityEngine.StackTraceUtility:ExtractStackTrace ()
UnityEditor.ProBuilder.EditorUtility:SetGizmoIconEnabled (System.Type,bool) (at Library/PackageCache/com.unity.probuilder@4.4.0/Editor/EditorCore/EditorUtility.cs:593)
UnityEditor.ProBuilder.HierarchyListener:.cctor () (at Library/PackageCache/com.unity.probuilder@4.4.0/Editor/EditorCore/HierarchyListener.cs:21)
System.Runtime.CompilerServices.RuntimeHelpers:RunClassConstructor (System.RuntimeTypeHandle)
UnityEditor.EditorAssemblies:ProcessInitializeOnLoadAttributes (System.Type[])

[Library/PackageCache/com.unity.probuilder@4.4.0/Editor/EditorCore/EditorUtility.cs line 593]

Invoked RoslynAnalysisRunner static constructor.
RoslynAnalysisRunner will not be running.
RoslynAnalysisRunner has terminated.
Mono: successfully reloaded assembly
- Completed reload, in  0.723 seconds
Platform modules already initialized, skipping
Switching build target platform(5) subTarget(0) extendedPlatform(0) -> platform(13) subTarget(537395200) extendedPlatform(0)
Shader 'Universal Render Pipeline/Particles/Lit': fallback shader 'Universal Render Pipeline/Particles/SimpleLit' not found
Shader 'Universal Render Pipeline/Particles/Lit': fallback shader 'Universal Render Pipeline/Particles/SimpleLit' not found
Refreshing native plugins compatible for Editor in 0.46 ms, found 0 plugins.
Preloading 0 native plugins for Editor in 0.00 ms.
Unloading 2973 Unused Serialized files (Serialized files now loaded: 0)
System memory in use before: 157.0 MB.
System memory in use after: 155.0 MB.

Unloading 43 unused Assets to reduce memory usage. Loaded Objects now: 3571.
Total: 3.355200 ms (FindLiveObjects: 0.269300 ms CreateObjectMapping: 0.118100 ms MarkObjects: 1.907100 ms  DeleteObjects: 1.059900 ms)

AssetImportParameters requested are different than current active one (requested -> active):
  custom:graphics/normal-map-encoding: 01000000000000000000000000000000 -> 02000000000000000000000000000000
========================================================================
Received Import Request.
  Time since last request: 424.747440 seconds.
  path: Assets/Prefabs/Patterns/Pattern_0 4.prefab
  artifactKey: Guid(7384960a90d44b44cb73953479423c71) Importer(815301076,1909f56bfc062723c751e8b465ee728b)
Start importing Assets/Prefabs/Patterns/Pattern_0 4.prefab using Guid(7384960a90d44b44cb73953479423c71) Importer(815301076,1909f56bfc062723c751e8b465ee728b)  -> (artifact id: 'c5f31b78b102529438bcc740cbe51234') in 0.136205 seconds
  Import took 0.140569 seconds .

